This file contains any messages produced by compilers while
running configure, to aid debugging if configure makes a mistake.

It was created by MATIO configure 1.5.11, which was
generated by GNU Autoconf 2.69.  Invocation command line was

  $ ./configure --enable-mat73=yes --with-hdf5=/users/banspach/oss/third_party/hdf5/hdf5-1.10.1/hdf5 --with-zlib=/users/banspach/oss/third_party/zlib/zlib-1.2.11 --with-default-file-ver=7.3

## --------- ##
## Platform. ##
## --------- ##

hostname = tr-pc155.prog.altair.com
uname -m = x86_64
uname -r = 3.10.0-327.36.3.el7.x86_64
uname -s = Linux
uname -v = #1 SMP Mon Oct 24 16:09:20 UTC 2016

/usr/bin/uname -p = x86_64
/bin/uname -X     = unknown

/bin/arch              = x86_64
/usr/bin/arch -k       = unknown
/usr/convex/getsysinfo = unknown
/usr/bin/hostinfo      = unknown
/bin/machine           = unknown
/usr/bin/oslevel       = unknown
/bin/universe          = unknown

PATH: /users/banspach/oss/openmatrix/omloss/src/bin/linux64
PATH: /soft/net
PATH: /bin
PATH: /usr/bin
PATH: /sbin
PATH: /usr/sbin
PATH: /usr/bin/X11
PATH: /usr/etc
PATH: /usr/local/bin
PATH: /soft/gnu/bin
PATH: /usr/pbs/bin
PATH: .
PATH: /users/banspach/p4/p4v-2015.2.1458499/bin
PATH: /users/banspach/ActiveTcl-8.6/bin
PATH: /users/banspach/cmake/cmake-3.10.0-Linux-x86_64/bin


## ----------- ##
## Core tests. ##
## ----------- ##

configure:2604: checking for a BSD-compatible install
configure:2672: result: /bin/install -c
configure:2683: checking whether build environment is sane
configure:2738: result: yes
configure:2776: WARNING: 'missing' script is too old or missing
configure:2889: checking for a thread-safe mkdir -p
configure:2928: result: /bin/mkdir -p
configure:2935: checking for gawk
configure:2951: found /bin/gawk
configure:2962: result: gawk
configure:2973: checking whether make sets $(MAKE)
configure:2995: result: yes
configure:3024: checking whether make supports nested variables
configure:3041: result: yes
configure:3177: checking whether make supports nested variables
configure:3194: result: yes
configure:3206: checking whether to enable maintainer-specific portions of Makefiles
configure:3215: result: no
configure:3233: checking build system type
configure:3247: result: x86_64-pc-linux-gnu
configure:3267: checking host system type
configure:3280: result: x86_64-pc-linux-gnu
configure:3391: checking for pgcc
configure:3421: result: no
configure:3391: checking for icc
configure:3421: result: no
configure:3391: checking for gcc
configure:3407: found /bin/gcc
configure:3418: result: gcc
configure:3449: checking for C compiler version
configure:3458: gcc --version >&5
gcc (GCC) 4.8.5 20150623 (Red Hat 4.8.5-11)
Copyright (C) 2015 Free Software Foundation, Inc.
This is free software; see the source for copying conditions.  There is NO
warranty; not even for MERCHANTABILITY or FITNESS FOR A PARTICULAR PURPOSE.

configure:3469: $? = 0
configure:3458: gcc -v >&5
Using built-in specs.
COLLECT_GCC=gcc
COLLECT_LTO_WRAPPER=/usr/libexec/gcc/x86_64-redhat-linux/4.8.5/lto-wrapper
Target: x86_64-redhat-linux
Configured with: ../configure --prefix=/usr --mandir=/usr/share/man --infodir=/usr/share/info --with-bugurl=http://bugzilla.redhat.com/bugzilla --enable-bootstrap --enable-shared --enable-threads=posix --enable-checking=release --with-system-zlib --enable-__cxa_atexit --disable-libunwind-exceptions --enable-gnu-unique-object --enable-linker-build-id --with-linker-hash-style=gnu --enable-languages=c,c++,objc,obj-c++,java,fortran,ada,go,lto --enable-plugin --enable-initfini-array --disable-libgcj --with-isl=/builddir/build/BUILD/gcc-4.8.5-20150702/obj-x86_64-redhat-linux/isl-install --with-cloog=/builddir/build/BUILD/gcc-4.8.5-20150702/obj-x86_64-redhat-linux/cloog-install --enable-gnu-indirect-function --with-tune=generic --with-arch_32=x86-64 --build=x86_64-redhat-linux
Thread model: posix
gcc version 4.8.5 20150623 (Red Hat 4.8.5-11) (GCC) 
configure:3469: $? = 0
configure:3458: gcc -V >&5
gcc: error: unrecognized command line option '-V'
gcc: fatal error: no input files
compilation terminated.
configure:3469: $? = 4
configure:3458: gcc -qversion >&5
gcc: error: unrecognized command line option '-qversion'
gcc: fatal error: no input files
compilation terminated.
configure:3469: $? = 4
configure:3489: checking whether the C compiler works
configure:3511: gcc    conftest.c  >&5
configure:3515: $? = 0
configure:3563: result: yes
configure:3566: checking for C compiler default output file name
configure:3568: result: a.out
configure:3574: checking for suffix of executables
configure:3581: gcc -o conftest    conftest.c  >&5
configure:3585: $? = 0
configure:3607: result: 
configure:3629: checking whether we are cross compiling
configure:3637: gcc -o conftest    conftest.c  >&5
configure:3641: $? = 0
configure:3648: ./conftest
configure:3652: $? = 0
configure:3667: result: no
configure:3672: checking for suffix of object files
configure:3694: gcc -c   conftest.c >&5
configure:3698: $? = 0
configure:3719: result: o
configure:3723: checking whether we are using the GNU C compiler
configure:3742: gcc -c   conftest.c >&5
configure:3742: $? = 0
configure:3751: result: yes
configure:3760: checking whether gcc accepts -g
configure:3780: gcc -c -g  conftest.c >&5
configure:3780: $? = 0
configure:3821: result: yes
configure:3838: checking for gcc option to accept ISO C89
configure:3901: gcc  -c -g -O2  conftest.c >&5
configure:3901: $? = 0
configure:3914: result: none needed
configure:3939: checking whether gcc understands -c and -o together
configure:3961: gcc -c conftest.c -o conftest2.o
configure:3964: $? = 0
configure:3961: gcc -c conftest.c -o conftest2.o
configure:3964: $? = 0
configure:3976: result: yes
configure:4007: checking debug mode
configure:4011: result: no
configure:4036: checking profile mode
configure:4040: result: no
configure:4194: checking how to print strings
configure:4221: result: printf
configure:4242: checking for a sed that does not truncate output
configure:4306: result: /bin/sed
configure:4324: checking for grep that handles long lines and -e
configure:4382: result: /bin/grep
configure:4387: checking for egrep
configure:4449: result: /bin/grep -E
configure:4454: checking for fgrep
configure:4516: result: /bin/grep -F
configure:4551: checking for ld used by gcc
configure:4618: result: /bin/ld
configure:4625: checking if the linker (/bin/ld) is GNU ld
configure:4640: result: yes
configure:4652: checking for BSD- or MS-compatible name lister (nm)
configure:4701: result: /bin/nm -B
configure:4831: checking the name lister (/bin/nm -B) interface
configure:4838: gcc -c  -g -O2  conftest.c >&5
configure:4841: /bin/nm -B "conftest.o"
configure:4844: output
0000000000000000 B some_variable
configure:4851: result: BSD nm
configure:4854: checking whether ln -s works
configure:4858: result: yes
configure:4866: checking the maximum length of command line arguments
configure:4997: result: 1572864
configure:5014: checking whether the shell understands some XSI constructs
configure:5024: result: yes
configure:5028: checking whether the shell understands "+="
configure:5034: result: yes
configure:5069: checking how to convert x86_64-pc-linux-gnu file names to x86_64-pc-linux-gnu format
configure:5109: result: func_convert_file_noop
configure:5116: checking how to convert x86_64-pc-linux-gnu file names to toolchain format
configure:5136: result: func_convert_file_noop
configure:5143: checking for /bin/ld option to reload object files
configure:5150: result: -r
configure:5224: checking for objdump
configure:5240: found /bin/objdump
configure:5251: result: objdump
configure:5283: checking how to recognize dependent libraries
configure:5481: result: pass_all
configure:5566: checking for dlltool
configure:5596: result: no
configure:5626: checking how to associate runtime and link libraries
configure:5653: result: printf %s\n
configure:5714: checking for ar
configure:5730: found /bin/ar
configure:5741: result: ar
configure:5778: checking for archiver @FILE support
configure:5795: gcc -c  -g -O2  conftest.c >&5
configure:5795: $? = 0
configure:5798: ar cru libconftest.a @conftest.lst >&5
configure:5801: $? = 0
configure:5806: ar cru libconftest.a @conftest.lst >&5
ar: conftest.o: No such file or directory
configure:5809: $? = 1
configure:5821: result: @
configure:5879: checking for strip
configure:5895: found /bin/strip
configure:5906: result: strip
configure:5978: checking for ranlib
configure:5994: found /bin/ranlib
configure:6005: result: ranlib
configure:6107: checking command to parse /bin/nm -B output from gcc object
configure:6227: gcc -c  -g -O2  conftest.c >&5
configure:6230: $? = 0
configure:6234: /bin/nm -B conftest.o \| sed -n -e 's/^.*[ ]\([ABCDGIRSTW][ABCDGIRSTW]*\)[ ][ ]*\([_A-Za-z][_A-Za-z0-9]*\)$/\1 \2 \2/p' | sed '/ __gnu_lto/d' \> conftest.nm
configure:6237: $? = 0
configure:6303: gcc -o conftest  -g -O2   conftest.c conftstm.o >&5
configure:6306: $? = 0
configure:6344: result: ok
configure:6381: checking for sysroot
configure:6411: result: no
configure:6488: gcc -c  -g -O2  conftest.c >&5
configure:6491: $? = 0
configure:6680: checking for mt
configure:6710: result: no
configure:6730: checking if : is a manifest tool
configure:6736: : '-?'
configure:6744: result: no
configure:7386: checking how to run the C preprocessor
configure:7417: gcc -E  conftest.c
configure:7417: $? = 0
configure:7431: gcc -E  conftest.c
conftest.c:19:28: fatal error: ac_nonexistent.h: No such file or directory
 #include <ac_nonexistent.h>
                            ^
compilation terminated.
configure:7431: $? = 1
configure: failed program was:
| /* confdefs.h */
| #define PACKAGE_NAME "MATIO"
| #define PACKAGE_TARNAME "matio"
| #define PACKAGE_VERSION "1.5.11"
| #define PACKAGE_STRING "MATIO 1.5.11"
| #define PACKAGE_BUGREPORT "chulbe2lsu@users.sourceforge.net"
| #define PACKAGE_URL "http://sourceforge.net/projects/matio"
| #define PACKAGE "matio"
| #define VERSION "1.5.11"
| #define MATIO_PLATFORM "x86_64-pc-linux-gnu"
| #define MATIO_MAJOR_VERSION 1
| #define MATIO_MINOR_VERSION 5
| #define MATIO_RELEASE_LEVEL 11
| #define MATIO_VERSION 1511
| #define MATIO_VERSION_STR "1.5.11"
| #define NODEBUG /**/
| #define NODEBUG /**/
| /* end confdefs.h.  */
| #include <ac_nonexistent.h>
configure:7456: result: gcc -E
configure:7476: gcc -E  conftest.c
configure:7476: $? = 0
configure:7490: gcc -E  conftest.c
conftest.c:19:28: fatal error: ac_nonexistent.h: No such file or directory
 #include <ac_nonexistent.h>
                            ^
compilation terminated.
configure:7490: $? = 1
configure: failed program was:
| /* confdefs.h */
| #define PACKAGE_NAME "MATIO"
| #define PACKAGE_TARNAME "matio"
| #define PACKAGE_VERSION "1.5.11"
| #define PACKAGE_STRING "MATIO 1.5.11"
| #define PACKAGE_BUGREPORT "chulbe2lsu@users.sourceforge.net"
| #define PACKAGE_URL "http://sourceforge.net/projects/matio"
| #define PACKAGE "matio"
| #define VERSION "1.5.11"
| #define MATIO_PLATFORM "x86_64-pc-linux-gnu"
| #define MATIO_MAJOR_VERSION 1
| #define MATIO_MINOR_VERSION 5
| #define MATIO_RELEASE_LEVEL 11
| #define MATIO_VERSION 1511
| #define MATIO_VERSION_STR "1.5.11"
| #define NODEBUG /**/
| #define NODEBUG /**/
| /* end confdefs.h.  */
| #include <ac_nonexistent.h>
configure:7519: checking for ANSI C header files
configure:7539: gcc -c  -g -O2  conftest.c >&5
configure:7539: $? = 0
configure:7612: gcc -o conftest  -g -O2   conftest.c  >&5
configure:7612: $? = 0
configure:7612: ./conftest
configure:7612: $? = 0
configure:7623: result: yes
configure:7636: checking for sys/types.h
configure:7636: gcc -c  -g -O2  conftest.c >&5
configure:7636: $? = 0
configure:7636: result: yes
configure:7636: checking for sys/stat.h
configure:7636: gcc -c  -g -O2  conftest.c >&5
configure:7636: $? = 0
configure:7636: result: yes
configure:7636: checking for stdlib.h
configure:7636: gcc -c  -g -O2  conftest.c >&5
configure:7636: $? = 0
configure:7636: result: yes
configure:7636: checking for string.h
configure:7636: gcc -c  -g -O2  conftest.c >&5
configure:7636: $? = 0
configure:7636: result: yes
configure:7636: checking for memory.h
configure:7636: gcc -c  -g -O2  conftest.c >&5
configure:7636: $? = 0
configure:7636: result: yes
configure:7636: checking for strings.h
configure:7636: gcc -c  -g -O2  conftest.c >&5
configure:7636: $? = 0
configure:7636: result: yes
configure:7636: checking for inttypes.h
configure:7636: gcc -c  -g -O2  conftest.c >&5
configure:7636: $? = 0
configure:7636: result: yes
configure:7636: checking for stdint.h
configure:7636: gcc -c  -g -O2  conftest.c >&5
configure:7636: $? = 0
configure:7636: result: yes
configure:7636: checking for unistd.h
configure:7636: gcc -c  -g -O2  conftest.c >&5
configure:7636: $? = 0
configure:7636: result: yes
configure:7650: checking for dlfcn.h
configure:7650: gcc -c  -g -O2  conftest.c >&5
configure:7650: $? = 0
configure:7650: result: yes
configure:7796: checking for objdir
configure:7811: result: .libs
configure:8082: checking if gcc supports -fno-rtti -fno-exceptions
configure:8100: gcc -c  -g -O2  -fno-rtti -fno-exceptions conftest.c >&5
cc1: warning: command line option '-fno-rtti' is valid for C++/ObjC++ but not for C [enabled by default]
configure:8104: $? = 0
configure:8117: result: no
configure:8444: checking for gcc option to produce PIC
configure:8451: result: -fPIC -DPIC
configure:8459: checking if gcc PIC flag -fPIC -DPIC works
configure:8477: gcc -c  -g -O2  -fPIC -DPIC -DPIC conftest.c >&5
configure:8481: $? = 0
configure:8494: result: yes
configure:8523: checking if gcc static flag -static works
configure:8551: result: no
configure:8566: checking if gcc supports -c -o file.o
configure:8587: gcc -c  -g -O2  -o out/conftest2.o conftest.c >&5
configure:8591: $? = 0
configure:8613: result: yes
configure:8621: checking if gcc supports -c -o file.o
configure:8668: result: yes
configure:8701: checking whether the gcc linker (/bin/ld -m elf_x86_64) supports shared libraries
configure:9858: result: yes
configure:9895: checking whether -lc should be explicitly linked in
configure:9903: gcc -c  -g -O2  conftest.c >&5
configure:9906: $? = 0
configure:9921: gcc -shared  -fPIC -DPIC conftest.o  -v -Wl,-soname -Wl,conftest -o conftest 2\>\&1 \| /bin/grep  -lc  \>/dev/null 2\>\&1
configure:9924: $? = 0
configure:9938: result: no
configure:10098: checking dynamic linker characteristics
configure:10598: gcc -o conftest  -g -O2   -Wl,-rpath -Wl,/foo conftest.c  >&5
configure:10598: $? = 0
configure:10832: result: GNU/Linux ld.so
configure:10939: checking how to hardcode library paths into programs
configure:10964: result: immediate
configure:11504: checking whether stripping libraries is possible
configure:11509: result: yes
configure:11544: checking if libtool supports shared libraries
configure:11546: result: yes
configure:11549: checking whether to build shared libraries
configure:11570: result: yes
configure:11573: checking whether to build static libraries
configure:11577: result: yes
configure:11615: checking whether make sets $(MAKE)
configure:11637: result: yes
configure:11648: checking for grep that handles long lines and -e
configure:11706: result: /bin/grep
configure:11713: checking for pow in -lm
configure:11738: gcc -o conftest  -g -O2   conftest.c -lm   >&5
conftest.c:38:6: warning: conflicting types for built-in function 'pow' [enabled by default]
 char pow ();
      ^
configure:11738: $? = 0
configure:11747: result: yes
configure:11762: checking for ANSI C header files
configure:11866: result: yes
configure:11880: checking for stdarg.h
configure:11880: gcc -c  -g -O2  conftest.c >&5
configure:11880: $? = 0
configure:11880: result: yes
configure:11880: checking for varargs.h
configure:11880: gcc -c  -g -O2  conftest.c >&5
In file included from conftest.c:68:0:
/usr/lib/gcc/x86_64-redhat-linux/4.8.5/include/varargs.h:4:2: error: #error "GCC no longer implements <varargs.h>."
 #error "GCC no longer implements <varargs.h>."
  ^
/usr/lib/gcc/x86_64-redhat-linux/4.8.5/include/varargs.h:5:2: error: #error "Revise your code to use <stdarg.h>."
 #error "Revise your code to use <stdarg.h>."
  ^
configure:11880: $? = 1
configure: failed program was:
| /* confdefs.h */
| #define PACKAGE_NAME "MATIO"
| #define PACKAGE_TARNAME "matio"
| #define PACKAGE_VERSION "1.5.11"
| #define PACKAGE_STRING "MATIO 1.5.11"
| #define PACKAGE_BUGREPORT "chulbe2lsu@users.sourceforge.net"
| #define PACKAGE_URL "http://sourceforge.net/projects/matio"
| #define PACKAGE "matio"
| #define VERSION "1.5.11"
| #define MATIO_PLATFORM "x86_64-pc-linux-gnu"
| #define MATIO_MAJOR_VERSION 1
| #define MATIO_MINOR_VERSION 5
| #define MATIO_RELEASE_LEVEL 11
| #define MATIO_VERSION 1511
| #define MATIO_VERSION_STR "1.5.11"
| #define NODEBUG /**/
| #define NODEBUG /**/
| #define STDC_HEADERS 1
| #define HAVE_SYS_TYPES_H 1
| #define HAVE_SYS_STAT_H 1
| #define HAVE_STDLIB_H 1
| #define HAVE_STRING_H 1
| #define HAVE_MEMORY_H 1
| #define HAVE_STRINGS_H 1
| #define HAVE_INTTYPES_H 1
| #define HAVE_STDINT_H 1
| #define HAVE_UNISTD_H 1
| #define HAVE_DLFCN_H 1
| #define LT_OBJDIR ".libs/"
| #define HAVE_LIBM 1
| #define STDC_HEADERS 1
| #define HAVE_STDARG_H 1
| /* end confdefs.h.  */
| #include <stdio.h>
| #ifdef HAVE_SYS_TYPES_H
| # include <sys/types.h>
| #endif
| #ifdef HAVE_SYS_STAT_H
| # include <sys/stat.h>
| #endif
| #ifdef STDC_HEADERS
| # include <stdlib.h>
| # include <stddef.h>
| #else
| # ifdef HAVE_STDLIB_H
| #  include <stdlib.h>
| # endif
| #endif
| #ifdef HAVE_STRING_H
| # if !defined STDC_HEADERS && defined HAVE_MEMORY_H
| #  include <memory.h>
| # endif
| # include <string.h>
| #endif
| #ifdef HAVE_STRINGS_H
| # include <strings.h>
| #endif
| #ifdef HAVE_INTTYPES_H
| # include <inttypes.h>
| #endif
| #ifdef HAVE_STDINT_H
| # include <stdint.h>
| #endif
| #ifdef HAVE_UNISTD_H
| # include <unistd.h>
| #endif
| 
| #include <varargs.h>
configure:11880: result: no
configure:11897: checking for inttypes.h
configure:11897: result: yes
configure:11907: checking for stdint.h
configure:11907: result: yes
configure:11917: checking for strings.h
configure:11917: result: yes
configure:11927: checking for unistd.h
configure:11927: result: yes
configure:11940: checking locale.h usability
configure:11940: gcc -c  -g -O2  conftest.c >&5
configure:11940: $? = 0
configure:11940: result: yes
configure:11940: checking locale.h presence
configure:11940: gcc -E  conftest.c
configure:11940: $? = 0
configure:11940: result: yes
configure:11940: checking for locale.h
configure:11940: result: yes
configure:11940: checking stddef.h usability
configure:11940: gcc -c  -g -O2  conftest.c >&5
configure:11940: $? = 0
configure:11940: result: yes
configure:11940: checking stddef.h presence
configure:11940: gcc -E  conftest.c
configure:11940: $? = 0
configure:11940: result: yes
configure:11940: checking for stddef.h
configure:11940: result: yes
configure:11950: checking for struct lconv.decimal_point
configure:11950: gcc -c  -g -O2  conftest.c >&5
configure:11950: $? = 0
configure:11950: result: yes
configure:11960: checking for struct lconv.thousands_sep
configure:11960: gcc -c  -g -O2  conftest.c >&5
configure:11960: $? = 0
configure:11960: result: yes
configure:11972: checking for ptrdiff_t
configure:11972: gcc -c  -g -O2  conftest.c >&5
configure:11972: $? = 0
configure:11972: gcc -c  -g -O2  conftest.c >&5
conftest.c: In function 'main':
conftest.c:78:24: error: expected expression before ')' token
 if (sizeof ((ptrdiff_t)))
                        ^
configure:11972: $? = 1
configure: failed program was:
| /* confdefs.h */
| #define PACKAGE_NAME "MATIO"
| #define PACKAGE_TARNAME "matio"
| #define PACKAGE_VERSION "1.5.11"
| #define PACKAGE_STRING "MATIO 1.5.11"
| #define PACKAGE_BUGREPORT "chulbe2lsu@users.sourceforge.net"
| #define PACKAGE_URL "http://sourceforge.net/projects/matio"
| #define PACKAGE "matio"
| #define VERSION "1.5.11"
| #define MATIO_PLATFORM "x86_64-pc-linux-gnu"
| #define MATIO_MAJOR_VERSION 1
| #define MATIO_MINOR_VERSION 5
| #define MATIO_RELEASE_LEVEL 11
| #define MATIO_VERSION 1511
| #define MATIO_VERSION_STR "1.5.11"
| #define NODEBUG /**/
| #define NODEBUG /**/
| #define STDC_HEADERS 1
| #define HAVE_SYS_TYPES_H 1
| #define HAVE_SYS_STAT_H 1
| #define HAVE_STDLIB_H 1
| #define HAVE_STRING_H 1
| #define HAVE_MEMORY_H 1
| #define HAVE_STRINGS_H 1
| #define HAVE_INTTYPES_H 1
| #define HAVE_STDINT_H 1
| #define HAVE_UNISTD_H 1
| #define HAVE_DLFCN_H 1
| #define LT_OBJDIR ".libs/"
| #define HAVE_LIBM 1
| #define STDC_HEADERS 1
| #define HAVE_STDARG_H 1
| #define MATIO_HAVE_INTTYPES_H 1
| #define MATIO_HAVE_STDINT_H 1
| #define HAVE_STRINGS_H 1
| #define HAVE_UNISTD_H 1
| #define HAVE_LOCALE_H 1
| #define HAVE_STDDEF_H 1
| #define HAVE_STRUCT_LCONV_DECIMAL_POINT 1
| #define HAVE_STRUCT_LCONV_THOUSANDS_SEP 1
| /* end confdefs.h.  */
| #include <stdio.h>
| #ifdef HAVE_SYS_TYPES_H
| # include <sys/types.h>
| #endif
| #ifdef HAVE_SYS_STAT_H
| # include <sys/stat.h>
| #endif
| #ifdef STDC_HEADERS
| # include <stdlib.h>
| # include <stddef.h>
| #else
| # ifdef HAVE_STDLIB_H
| #  include <stdlib.h>
| # endif
| #endif
| #ifdef HAVE_STRING_H
| # if !defined STDC_HEADERS && defined HAVE_MEMORY_H
| #  include <memory.h>
| # endif
| # include <string.h>
| #endif
| #ifdef HAVE_STRINGS_H
| # include <strings.h>
| #endif
| #ifdef HAVE_INTTYPES_H
| # include <inttypes.h>
| #endif
| #ifdef HAVE_STDINT_H
| # include <stdint.h>
| #endif
| #ifdef HAVE_UNISTD_H
| # include <unistd.h>
| #endif
| int
| main ()
| {
| if (sizeof ((ptrdiff_t)))
| 	    return 0;
|   ;
|   return 0;
| }
configure:11972: result: yes
configure:11984: checking for localeconv
configure:11984: gcc -o conftest  -g -O2   conftest.c -lm  >&5
configure:11984: $? = 0
configure:11984: result: yes
configure:11996: checking for getopt_long
configure:12017: gcc -o conftest  -g -O2   conftest.c -lm  >&5
conftest.c: In function 'main':
conftest.c:55:1: error: 'opt' undeclared (first use in this function)
 opt = getopt_long(0,NULL,NULL,NULL,NULL);
 ^
conftest.c:55:1: note: each undeclared identifier is reported only once for each function it appears in
configure:12017: $? = 1
configure: failed program was:
| /* confdefs.h */
| #define PACKAGE_NAME "MATIO"
| #define PACKAGE_TARNAME "matio"
| #define PACKAGE_VERSION "1.5.11"
| #define PACKAGE_STRING "MATIO 1.5.11"
| #define PACKAGE_BUGREPORT "chulbe2lsu@users.sourceforge.net"
| #define PACKAGE_URL "http://sourceforge.net/projects/matio"
| #define PACKAGE "matio"
| #define VERSION "1.5.11"
| #define MATIO_PLATFORM "x86_64-pc-linux-gnu"
| #define MATIO_MAJOR_VERSION 1
| #define MATIO_MINOR_VERSION 5
| #define MATIO_RELEASE_LEVEL 11
| #define MATIO_VERSION 1511
| #define MATIO_VERSION_STR "1.5.11"
| #define NODEBUG /**/
| #define NODEBUG /**/
| #define STDC_HEADERS 1
| #define HAVE_SYS_TYPES_H 1
| #define HAVE_SYS_STAT_H 1
| #define HAVE_STDLIB_H 1
| #define HAVE_STRING_H 1
| #define HAVE_MEMORY_H 1
| #define HAVE_STRINGS_H 1
| #define HAVE_INTTYPES_H 1
| #define HAVE_STDINT_H 1
| #define HAVE_UNISTD_H 1
| #define HAVE_DLFCN_H 1
| #define LT_OBJDIR ".libs/"
| #define HAVE_LIBM 1
| #define STDC_HEADERS 1
| #define HAVE_STDARG_H 1
| #define MATIO_HAVE_INTTYPES_H 1
| #define MATIO_HAVE_STDINT_H 1
| #define HAVE_STRINGS_H 1
| #define HAVE_UNISTD_H 1
| #define HAVE_LOCALE_H 1
| #define HAVE_STDDEF_H 1
| #define HAVE_STRUCT_LCONV_DECIMAL_POINT 1
| #define HAVE_STRUCT_LCONV_THOUSANDS_SEP 1
| #define HAVE_PTRDIFF_T 1
| #define HAVE_LOCALECONV 1
| /* end confdefs.h.  */
| #include <stdio.h>
|  #include <stdlib.h>
|  #ifdef HAVE_UNISTD_H
|  #include <unistd.h>
|  #endif
|  #define _GNU_SOURCE /* For getopt_long on GNU systems */
|  #include <getopt.h>
| 
| int
| main ()
| {
| opt = getopt_long(0,NULL,NULL,NULL,NULL);
|   ;
|   return 0;
| }
configure:12030: result: internal
configure:12047: checking size of double
configure:12052: gcc -o conftest  -g -O2   conftest.c -lm  >&5
configure:12052: $? = 0
configure:12052: ./conftest
configure:12052: $? = 0
configure:12066: result: 8
configure:12080: checking size of float
configure:12085: gcc -o conftest  -g -O2   conftest.c -lm  >&5
configure:12085: $? = 0
configure:12085: ./conftest
configure:12085: $? = 0
configure:12099: result: 4
configure:12113: checking size of long long
configure:12118: gcc -o conftest  -g -O2   conftest.c -lm  >&5
configure:12118: $? = 0
configure:12118: ./conftest
configure:12118: $? = 0
configure:12132: result: 8
configure:12146: checking size of long
configure:12151: gcc -o conftest  -g -O2   conftest.c -lm  >&5
configure:12151: $? = 0
configure:12151: ./conftest
configure:12151: $? = 0
configure:12165: result: 8
configure:12179: checking size of int
configure:12184: gcc -o conftest  -g -O2   conftest.c -lm  >&5
configure:12184: $? = 0
configure:12184: ./conftest
configure:12184: $? = 0
configure:12198: result: 4
configure:12212: checking size of short
configure:12217: gcc -o conftest  -g -O2   conftest.c -lm  >&5
configure:12217: $? = 0
configure:12217: ./conftest
configure:12217: $? = 0
configure:12231: result: 2
configure:12245: checking size of char
configure:12250: gcc -o conftest  -g -O2   conftest.c -lm  >&5
configure:12250: $? = 0
configure:12250: ./conftest
configure:12250: $? = 0
configure:12264: result: 1
configure:12278: checking size of void *
configure:12283: gcc -o conftest  -g -O2   conftest.c -lm  >&5
configure:12283: $? = 0
configure:12283: ./conftest
configure:12283: $? = 0
configure:12297: result: 8
configure:12311: checking size of size_t
configure:12316: gcc -o conftest  -g -O2   conftest.c -lm  >&5
configure:12316: $? = 0
configure:12316: ./conftest
configure:12316: $? = 0
configure:12330: result: 8
configure:12349: checking for mat_int64_t
configure:12371: gcc -o conftest  -g -O2   conftest.c -lm  >&5
configure:12371: $? = 0
configure:12392: result: int64_t
configure:12647: checking for mat_uint64_t
configure:12669: gcc -o conftest  -g -O2   conftest.c -lm  >&5
configure:12669: $? = 0
configure:12690: result: uint64_t
configure:12945: checking for mat_int32_t
configure:12967: gcc -o conftest  -g -O2   conftest.c -lm  >&5
configure:12967: $? = 0
configure:12988: result: int32_t
configure:13243: checking for mat_uint32_t
configure:13265: gcc -o conftest  -g -O2   conftest.c -lm  >&5
configure:13265: $? = 0
configure:13286: result: uint32_t
configure:13541: checking for mat_int16_t
configure:13563: gcc -o conftest  -g -O2   conftest.c -lm  >&5
configure:13563: $? = 0
configure:13584: result: int16_t
configure:13839: checking for mat_uint16_t
configure:13861: gcc -o conftest  -g -O2   conftest.c -lm  >&5
configure:13861: $? = 0
configure:13882: result: uint16_t
configure:14137: checking for mat_int8_t
configure:14159: gcc -o conftest  -g -O2   conftest.c -lm  >&5
configure:14159: $? = 0
configure:14180: result: int8_t
configure:14435: checking for mat_uint8_t
configure:14457: gcc -o conftest  -g -O2   conftest.c -lm  >&5
configure:14457: $? = 0
configure:14478: result: uint8_t
configure:14748: checking for long double
configure:14781: result: yes
configure:14790: checking for unsigned long long int
configure:14829: gcc -o conftest  -g -O2   conftest.c -lm  >&5
configure:14829: $? = 0
configure:14838: result: yes
configure:14848: checking for long long int
configure:14886: gcc -o conftest  -g -O2   conftest.c -lm  >&5
configure:14886: $? = 0
configure:14886: ./conftest
configure:14886: $? = 0
configure:14898: result: yes
configure:14907: checking for unsigned long long int
configure:14955: result: yes
configure:14963: checking for size_t
configure:14963: gcc -c  -g -O2  conftest.c >&5
configure:14963: $? = 0
configure:14963: gcc -c  -g -O2  conftest.c >&5
conftest.c: In function 'main':
conftest.c:109:21: error: expected expression before ')' token
 if (sizeof ((size_t)))
                     ^
configure:14963: $? = 1
configure: failed program was:
| /* confdefs.h */
| #define PACKAGE_NAME "MATIO"
| #define PACKAGE_TARNAME "matio"
| #define PACKAGE_VERSION "1.5.11"
| #define PACKAGE_STRING "MATIO 1.5.11"
| #define PACKAGE_BUGREPORT "chulbe2lsu@users.sourceforge.net"
| #define PACKAGE_URL "http://sourceforge.net/projects/matio"
| #define PACKAGE "matio"
| #define VERSION "1.5.11"
| #define MATIO_PLATFORM "x86_64-pc-linux-gnu"
| #define MATIO_MAJOR_VERSION 1
| #define MATIO_MINOR_VERSION 5
| #define MATIO_RELEASE_LEVEL 11
| #define MATIO_VERSION 1511
| #define MATIO_VERSION_STR "1.5.11"
| #define NODEBUG /**/
| #define NODEBUG /**/
| #define STDC_HEADERS 1
| #define HAVE_SYS_TYPES_H 1
| #define HAVE_SYS_STAT_H 1
| #define HAVE_STDLIB_H 1
| #define HAVE_STRING_H 1
| #define HAVE_MEMORY_H 1
| #define HAVE_STRINGS_H 1
| #define HAVE_INTTYPES_H 1
| #define HAVE_STDINT_H 1
| #define HAVE_UNISTD_H 1
| #define HAVE_DLFCN_H 1
| #define LT_OBJDIR ".libs/"
| #define HAVE_LIBM 1
| #define STDC_HEADERS 1
| #define HAVE_STDARG_H 1
| #define MATIO_HAVE_INTTYPES_H 1
| #define MATIO_HAVE_STDINT_H 1
| #define HAVE_STRINGS_H 1
| #define HAVE_UNISTD_H 1
| #define HAVE_LOCALE_H 1
| #define HAVE_STDDEF_H 1
| #define HAVE_STRUCT_LCONV_DECIMAL_POINT 1
| #define HAVE_STRUCT_LCONV_THOUSANDS_SEP 1
| #define HAVE_PTRDIFF_T 1
| #define HAVE_LOCALECONV 1
| #define SIZEOF_DOUBLE 8
| #define SIZEOF_FLOAT 4
| #define SIZEOF_LONG_LONG 8
| #define SIZEOF_LONG 8
| #define SIZEOF_INT 4
| #define SIZEOF_SHORT 2
| #define SIZEOF_CHAR 1
| #define SIZEOF_VOID_P 8
| #define SIZEOF_SIZE_T 8
| #define HAVE_MAT_INT64_T /**/
| #define _mat_int64_t int64_t
| #define HAVE_MAT_UINT64_T /**/
| #define _mat_uint64_t uint64_t
| #define HAVE_MAT_INT32_T /**/
| #define _mat_int32_t int32_t
| #define HAVE_MAT_UINT32_T /**/
| #define _mat_uint32_t uint32_t
| #define HAVE_MAT_INT16_T /**/
| #define _mat_int16_t int16_t
| #define HAVE_MAT_UINT16_T /**/
| #define _mat_uint16_t uint16_t
| #define HAVE_MAT_INT8_T /**/
| #define _mat_int8_t int8_t
| #define HAVE_MAT_UINT8_T /**/
| #define _mat_uint8_t uint8_t
| #define HAVE_LONG_DOUBLE 1
| #define HAVE_UNSIGNED_LONG_LONG_INT 1
| #define HAVE_LONG_LONG_INT 1
| #define HAVE_UNSIGNED_LONG_LONG_INT 1
| /* end confdefs.h.  */
| #include <stdio.h>
| #ifdef HAVE_SYS_TYPES_H
| # include <sys/types.h>
| #endif
| #ifdef HAVE_SYS_STAT_H
| # include <sys/stat.h>
| #endif
| #ifdef STDC_HEADERS
| # include <stdlib.h>
| # include <stddef.h>
| #else
| # ifdef HAVE_STDLIB_H
| #  include <stdlib.h>
| # endif
| #endif
| #ifdef HAVE_STRING_H
| # if !defined STDC_HEADERS && defined HAVE_MEMORY_H
| #  include <memory.h>
| # endif
| # include <string.h>
| #endif
| #ifdef HAVE_STRINGS_H
| # include <strings.h>
| #endif
| #ifdef HAVE_INTTYPES_H
| # include <inttypes.h>
| #endif
| #ifdef HAVE_STDINT_H
| # include <stdint.h>
| #endif
| #ifdef HAVE_UNISTD_H
| # include <unistd.h>
| #endif
| int
| main ()
| {
| if (sizeof ((size_t)))
| 	    return 0;
|   ;
|   return 0;
| }
configure:14963: result: yes
configure:14976: checking for intmax_t
configure:14976: gcc -c  -g -O2  conftest.c >&5
configure:14976: $? = 0
configure:14976: gcc -c  -g -O2  conftest.c >&5
conftest.c: In function 'main':
conftest.c:109:23: error: expected expression before ')' token
 if (sizeof ((intmax_t)))
                       ^
configure:14976: $? = 1
configure: failed program was:
| /* confdefs.h */
| #define PACKAGE_NAME "MATIO"
| #define PACKAGE_TARNAME "matio"
| #define PACKAGE_VERSION "1.5.11"
| #define PACKAGE_STRING "MATIO 1.5.11"
| #define PACKAGE_BUGREPORT "chulbe2lsu@users.sourceforge.net"
| #define PACKAGE_URL "http://sourceforge.net/projects/matio"
| #define PACKAGE "matio"
| #define VERSION "1.5.11"
| #define MATIO_PLATFORM "x86_64-pc-linux-gnu"
| #define MATIO_MAJOR_VERSION 1
| #define MATIO_MINOR_VERSION 5
| #define MATIO_RELEASE_LEVEL 11
| #define MATIO_VERSION 1511
| #define MATIO_VERSION_STR "1.5.11"
| #define NODEBUG /**/
| #define NODEBUG /**/
| #define STDC_HEADERS 1
| #define HAVE_SYS_TYPES_H 1
| #define HAVE_SYS_STAT_H 1
| #define HAVE_STDLIB_H 1
| #define HAVE_STRING_H 1
| #define HAVE_MEMORY_H 1
| #define HAVE_STRINGS_H 1
| #define HAVE_INTTYPES_H 1
| #define HAVE_STDINT_H 1
| #define HAVE_UNISTD_H 1
| #define HAVE_DLFCN_H 1
| #define LT_OBJDIR ".libs/"
| #define HAVE_LIBM 1
| #define STDC_HEADERS 1
| #define HAVE_STDARG_H 1
| #define MATIO_HAVE_INTTYPES_H 1
| #define MATIO_HAVE_STDINT_H 1
| #define HAVE_STRINGS_H 1
| #define HAVE_UNISTD_H 1
| #define HAVE_LOCALE_H 1
| #define HAVE_STDDEF_H 1
| #define HAVE_STRUCT_LCONV_DECIMAL_POINT 1
| #define HAVE_STRUCT_LCONV_THOUSANDS_SEP 1
| #define HAVE_PTRDIFF_T 1
| #define HAVE_LOCALECONV 1
| #define SIZEOF_DOUBLE 8
| #define SIZEOF_FLOAT 4
| #define SIZEOF_LONG_LONG 8
| #define SIZEOF_LONG 8
| #define SIZEOF_INT 4
| #define SIZEOF_SHORT 2
| #define SIZEOF_CHAR 1
| #define SIZEOF_VOID_P 8
| #define SIZEOF_SIZE_T 8
| #define HAVE_MAT_INT64_T /**/
| #define _mat_int64_t int64_t
| #define HAVE_MAT_UINT64_T /**/
| #define _mat_uint64_t uint64_t
| #define HAVE_MAT_INT32_T /**/
| #define _mat_int32_t int32_t
| #define HAVE_MAT_UINT32_T /**/
| #define _mat_uint32_t uint32_t
| #define HAVE_MAT_INT16_T /**/
| #define _mat_int16_t int16_t
| #define HAVE_MAT_UINT16_T /**/
| #define _mat_uint16_t uint16_t
| #define HAVE_MAT_INT8_T /**/
| #define _mat_int8_t int8_t
| #define HAVE_MAT_UINT8_T /**/
| #define _mat_uint8_t uint8_t
| #define HAVE_LONG_DOUBLE 1
| #define HAVE_UNSIGNED_LONG_LONG_INT 1
| #define HAVE_LONG_LONG_INT 1
| #define HAVE_UNSIGNED_LONG_LONG_INT 1
| /* end confdefs.h.  */
| #include <stdio.h>
| #ifdef HAVE_SYS_TYPES_H
| # include <sys/types.h>
| #endif
| #ifdef HAVE_SYS_STAT_H
| # include <sys/stat.h>
| #endif
| #ifdef STDC_HEADERS
| # include <stdlib.h>
| # include <stddef.h>
| #else
| # ifdef HAVE_STDLIB_H
| #  include <stdlib.h>
| # endif
| #endif
| #ifdef HAVE_STRING_H
| # if !defined STDC_HEADERS && defined HAVE_MEMORY_H
| #  include <memory.h>
| # endif
| # include <string.h>
| #endif
| #ifdef HAVE_STRINGS_H
| # include <strings.h>
| #endif
| #ifdef HAVE_INTTYPES_H
| # include <inttypes.h>
| #endif
| #ifdef HAVE_STDINT_H
| # include <stdint.h>
| #endif
| #ifdef HAVE_UNISTD_H
| # include <unistd.h>
| #endif
| int
| main ()
| {
| if (sizeof ((intmax_t)))
| 	    return 0;
|   ;
|   return 0;
| }
configure:14976: result: yes
configure:14995: checking for uintmax_t
configure:14995: gcc -c  -g -O2  conftest.c >&5
configure:14995: $? = 0
configure:14995: gcc -c  -g -O2  conftest.c >&5
conftest.c: In function 'main':
conftest.c:110:24: error: expected expression before ')' token
 if (sizeof ((uintmax_t)))
                        ^
configure:14995: $? = 1
configure: failed program was:
| /* confdefs.h */
| #define PACKAGE_NAME "MATIO"
| #define PACKAGE_TARNAME "matio"
| #define PACKAGE_VERSION "1.5.11"
| #define PACKAGE_STRING "MATIO 1.5.11"
| #define PACKAGE_BUGREPORT "chulbe2lsu@users.sourceforge.net"
| #define PACKAGE_URL "http://sourceforge.net/projects/matio"
| #define PACKAGE "matio"
| #define VERSION "1.5.11"
| #define MATIO_PLATFORM "x86_64-pc-linux-gnu"
| #define MATIO_MAJOR_VERSION 1
| #define MATIO_MINOR_VERSION 5
| #define MATIO_RELEASE_LEVEL 11
| #define MATIO_VERSION 1511
| #define MATIO_VERSION_STR "1.5.11"
| #define NODEBUG /**/
| #define NODEBUG /**/
| #define STDC_HEADERS 1
| #define HAVE_SYS_TYPES_H 1
| #define HAVE_SYS_STAT_H 1
| #define HAVE_STDLIB_H 1
| #define HAVE_STRING_H 1
| #define HAVE_MEMORY_H 1
| #define HAVE_STRINGS_H 1
| #define HAVE_INTTYPES_H 1
| #define HAVE_STDINT_H 1
| #define HAVE_UNISTD_H 1
| #define HAVE_DLFCN_H 1
| #define LT_OBJDIR ".libs/"
| #define HAVE_LIBM 1
| #define STDC_HEADERS 1
| #define HAVE_STDARG_H 1
| #define MATIO_HAVE_INTTYPES_H 1
| #define MATIO_HAVE_STDINT_H 1
| #define HAVE_STRINGS_H 1
| #define HAVE_UNISTD_H 1
| #define HAVE_LOCALE_H 1
| #define HAVE_STDDEF_H 1
| #define HAVE_STRUCT_LCONV_DECIMAL_POINT 1
| #define HAVE_STRUCT_LCONV_THOUSANDS_SEP 1
| #define HAVE_PTRDIFF_T 1
| #define HAVE_LOCALECONV 1
| #define SIZEOF_DOUBLE 8
| #define SIZEOF_FLOAT 4
| #define SIZEOF_LONG_LONG 8
| #define SIZEOF_LONG 8
| #define SIZEOF_INT 4
| #define SIZEOF_SHORT 2
| #define SIZEOF_CHAR 1
| #define SIZEOF_VOID_P 8
| #define SIZEOF_SIZE_T 8
| #define HAVE_MAT_INT64_T /**/
| #define _mat_int64_t int64_t
| #define HAVE_MAT_UINT64_T /**/
| #define _mat_uint64_t uint64_t
| #define HAVE_MAT_INT32_T /**/
| #define _mat_int32_t int32_t
| #define HAVE_MAT_UINT32_T /**/
| #define _mat_uint32_t uint32_t
| #define HAVE_MAT_INT16_T /**/
| #define _mat_int16_t int16_t
| #define HAVE_MAT_UINT16_T /**/
| #define _mat_uint16_t uint16_t
| #define HAVE_MAT_INT8_T /**/
| #define _mat_int8_t int8_t
| #define HAVE_MAT_UINT8_T /**/
| #define _mat_uint8_t uint8_t
| #define HAVE_LONG_DOUBLE 1
| #define HAVE_UNSIGNED_LONG_LONG_INT 1
| #define HAVE_LONG_LONG_INT 1
| #define HAVE_UNSIGNED_LONG_LONG_INT 1
| #define HAVE_INTMAX_T 1
| /* end confdefs.h.  */
| #include <stdio.h>
| #ifdef HAVE_SYS_TYPES_H
| # include <sys/types.h>
| #endif
| #ifdef HAVE_SYS_STAT_H
| # include <sys/stat.h>
| #endif
| #ifdef STDC_HEADERS
| # include <stdlib.h>
| # include <stddef.h>
| #else
| # ifdef HAVE_STDLIB_H
| #  include <stdlib.h>
| # endif
| #endif
| #ifdef HAVE_STRING_H
| # if !defined STDC_HEADERS && defined HAVE_MEMORY_H
| #  include <memory.h>
| # endif
| # include <string.h>
| #endif
| #ifdef HAVE_STRINGS_H
| # include <strings.h>
| #endif
| #ifdef HAVE_INTTYPES_H
| # include <inttypes.h>
| #endif
| #ifdef HAVE_STDINT_H
| # include <stdint.h>
| #endif
| #ifdef HAVE_UNISTD_H
| # include <unistd.h>
| #endif
| int
| main ()
| {
| if (sizeof ((uintmax_t)))
| 	    return 0;
|   ;
|   return 0;
| }
configure:14995: result: yes
configure:15013: checking for uintptr_t
configure:15013: gcc -c  -g -O2  conftest.c >&5
configure:15013: $? = 0
configure:15013: gcc -c  -g -O2  conftest.c >&5
conftest.c: In function 'main':
conftest.c:111:24: error: expected expression before ')' token
 if (sizeof ((uintptr_t)))
                        ^
configure:15013: $? = 1
configure: failed program was:
| /* confdefs.h */
| #define PACKAGE_NAME "MATIO"
| #define PACKAGE_TARNAME "matio"
| #define PACKAGE_VERSION "1.5.11"
| #define PACKAGE_STRING "MATIO 1.5.11"
| #define PACKAGE_BUGREPORT "chulbe2lsu@users.sourceforge.net"
| #define PACKAGE_URL "http://sourceforge.net/projects/matio"
| #define PACKAGE "matio"
| #define VERSION "1.5.11"
| #define MATIO_PLATFORM "x86_64-pc-linux-gnu"
| #define MATIO_MAJOR_VERSION 1
| #define MATIO_MINOR_VERSION 5
| #define MATIO_RELEASE_LEVEL 11
| #define MATIO_VERSION 1511
| #define MATIO_VERSION_STR "1.5.11"
| #define NODEBUG /**/
| #define NODEBUG /**/
| #define STDC_HEADERS 1
| #define HAVE_SYS_TYPES_H 1
| #define HAVE_SYS_STAT_H 1
| #define HAVE_STDLIB_H 1
| #define HAVE_STRING_H 1
| #define HAVE_MEMORY_H 1
| #define HAVE_STRINGS_H 1
| #define HAVE_INTTYPES_H 1
| #define HAVE_STDINT_H 1
| #define HAVE_UNISTD_H 1
| #define HAVE_DLFCN_H 1
| #define LT_OBJDIR ".libs/"
| #define HAVE_LIBM 1
| #define STDC_HEADERS 1
| #define HAVE_STDARG_H 1
| #define MATIO_HAVE_INTTYPES_H 1
| #define MATIO_HAVE_STDINT_H 1
| #define HAVE_STRINGS_H 1
| #define HAVE_UNISTD_H 1
| #define HAVE_LOCALE_H 1
| #define HAVE_STDDEF_H 1
| #define HAVE_STRUCT_LCONV_DECIMAL_POINT 1
| #define HAVE_STRUCT_LCONV_THOUSANDS_SEP 1
| #define HAVE_PTRDIFF_T 1
| #define HAVE_LOCALECONV 1
| #define SIZEOF_DOUBLE 8
| #define SIZEOF_FLOAT 4
| #define SIZEOF_LONG_LONG 8
| #define SIZEOF_LONG 8
| #define SIZEOF_INT 4
| #define SIZEOF_SHORT 2
| #define SIZEOF_CHAR 1
| #define SIZEOF_VOID_P 8
| #define SIZEOF_SIZE_T 8
| #define HAVE_MAT_INT64_T /**/
| #define _mat_int64_t int64_t
| #define HAVE_MAT_UINT64_T /**/
| #define _mat_uint64_t uint64_t
| #define HAVE_MAT_INT32_T /**/
| #define _mat_int32_t int32_t
| #define HAVE_MAT_UINT32_T /**/
| #define _mat_uint32_t uint32_t
| #define HAVE_MAT_INT16_T /**/
| #define _mat_int16_t int16_t
| #define HAVE_MAT_UINT16_T /**/
| #define _mat_uint16_t uint16_t
| #define HAVE_MAT_INT8_T /**/
| #define _mat_int8_t int8_t
| #define HAVE_MAT_UINT8_T /**/
| #define _mat_uint8_t uint8_t
| #define HAVE_LONG_DOUBLE 1
| #define HAVE_UNSIGNED_LONG_LONG_INT 1
| #define HAVE_LONG_LONG_INT 1
| #define HAVE_UNSIGNED_LONG_LONG_INT 1
| #define HAVE_INTMAX_T 1
| #define HAVE_UINTMAX_T 1
| /* end confdefs.h.  */
| #include <stdio.h>
| #ifdef HAVE_SYS_TYPES_H
| # include <sys/types.h>
| #endif
| #ifdef HAVE_SYS_STAT_H
| # include <sys/stat.h>
| #endif
| #ifdef STDC_HEADERS
| # include <stdlib.h>
| # include <stddef.h>
| #else
| # ifdef HAVE_STDLIB_H
| #  include <stdlib.h>
| # endif
| #endif
| #ifdef HAVE_STRING_H
| # if !defined STDC_HEADERS && defined HAVE_MEMORY_H
| #  include <memory.h>
| # endif
| # include <string.h>
| #endif
| #ifdef HAVE_STRINGS_H
| # include <strings.h>
| #endif
| #ifdef HAVE_INTTYPES_H
| # include <inttypes.h>
| #endif
| #ifdef HAVE_STDINT_H
| # include <stdint.h>
| #endif
| #ifdef HAVE_UNISTD_H
| # include <unistd.h>
| #endif
| int
| main ()
| {
| if (sizeof ((uintptr_t)))
| 	    return 0;
|   ;
|   return 0;
| }
configure:15013: result: yes
configure:15050: checking for va_copy() function
configure:15099: gcc -o conftest  -g -O2   conftest.c -lm  >&5
configure:15099: $? = 0
configure:15099: ./conftest
configure:15099: $? = 0
configure:15483: result: yes
configure:15491: checking for vsnprintf()
configure:15509: gcc -o conftest  -g -O2   conftest.c -lm  >&5
configure:15509: $? = 0
configure:15518: result: yes
configure:15521: checking for snprintf()
configure:15538: gcc -o conftest  -g -O2   conftest.c -lm  >&5
configure:15538: $? = 0
configure:15547: result: yes
configure:15550: checking for vasprintf()
configure:15568: gcc -o conftest  -g -O2   conftest.c -lm  >&5
configure:15568: $? = 0
configure:15577: result: yes
configure:15580: checking for asprintf()
configure:15597: gcc -o conftest  -g -O2   conftest.c -lm  >&5
configure:15597: $? = 0
configure:15606: result: yes
configure:15659: checking for matlab
configure:15692: result: no
configure:15705: result: no
configure:15723: checking for zlib Library
configure:15753: gcc -o conftest  -g -O2 -I/users/banspach/oss/third_party/zlib/zlib-1.2.11/include   conftest.c -lm  -L/users/banspach/oss/third_party/zlib/zlib-1.2.11/lib -lz >&5
configure:15753: $? = 0
configure:15810: result: -L/users/banspach/oss/third_party/zlib/zlib-1.2.11/lib -lz
configure:15842: checking for HDF5 software
configure:15879: gcc -o conftest -I/users/banspach/oss/third_party/hdf5/hdf5-1.10.1/hdf5/include  -g -O2   conftest.c -L/users/banspach/oss/third_party/hdf5/hdf5-1.10.1/hdf5/lib -lhdf5 -L/users/banspach/oss/third_party/zlib/zlib-1.2.11/lib -lz -lm  >&5
configure:15879: $? = 0
configure:15892: result: -L/users/banspach/oss/third_party/hdf5/hdf5-1.10.1/hdf5/lib -lhdf5
configure:15908: checking if HDF5 interface is >= v1.8
configure:15940: gcc -o conftest -I/users/banspach/oss/third_party/hdf5/hdf5-1.10.1/hdf5/include  -g -O2   conftest.c -L/users/banspach/oss/third_party/hdf5/hdf5-1.10.1/hdf5/lib -lhdf5 -L/users/banspach/oss/third_party/zlib/zlib-1.2.11/lib -lz -lm  >&5
configure:15940: $? = 0
configure:15952: result: yes
configure:15985: checking enable MAT v7.3 file support
configure:15993: result: yes
configure:16020: checking for default MAT file version
configure:16040: result: MAT_FT_MAT73
configure:16054: checking enable extended sparse types
configure:16063: result: yes
configure:16265: checking that generated files are newer than configure
configure:16271: result: done
configure:16322: creating ./config.status

## ---------------------- ##
## Running config.status. ##
## ---------------------- ##

This file was extended by MATIO config.status 1.5.11, which was
generated by GNU Autoconf 2.69.  Invocation command line was

  CONFIG_FILES    = 
  CONFIG_HEADERS  = 
  CONFIG_LINKS    = 
  CONFIG_COMMANDS = 
  $ ./config.status 

on tr-pc155.prog.altair.com

config.status:1178: creating Makefile
config.status:1178: creating matio.pc
config.status:1178: creating src/Makefile
config.status:1178: creating getopt/Makefile
config.status:1178: creating tools/Makefile
config.status:1178: creating test/Makefile
config.status:1178: creating documentation/Makefile
config.status:1178: creating src/matioConfig.h
config.status:1359: src/matioConfig.h is unchanged
config.status:1178: creating src/matio_pubconf.h
config.status:1359: src/matio_pubconf.h is unchanged
config.status:1407: executing libtool commands
config.status:1407: executing test/atconfig commands
configure:18485: result: 
configure:18487: result:    MATIO Configuration Summary       
configure:18489: result: ==============================================================
configure:18491: result:            C Compiler: gcc
configure:18493: result:                CFLAGS:  -g -O2
configure:18495: result:      Shared Libraries: yes
configure:18497: result:      Static Libraries: yes
configure:18499: result:   default MAT version: MAT_FT_MAT73
configure:18501: result: 
configure:18503: result: Features --------------------------------------------
configure:18505: result:   MAT v7.3 file support: yes
configure:18507: result: Extended sparse support: yes
configure:18509: result: 
configure:18511: result: Packages --------------------------------------------
configure:18513: result:                  zlib: -L/users/banspach/oss/third_party/zlib/zlib-1.2.11/lib -lz
configure:18515: result:                  hdf5: -L/users/banspach/oss/third_party/hdf5/hdf5-1.10.1/hdf5/lib -lhdf5
configure:18517: result:                MATLAB: 
configure:18519: result: 
configure:18521: result: 

## ---------------- ##
## Cache variables. ##
## ---------------- ##

ac_cv_build=x86_64-pc-linux-gnu
ac_cv_c_compiler_gnu=yes
ac_cv_env_CC_set=
ac_cv_env_CC_value=
ac_cv_env_CFLAGS_set=
ac_cv_env_CFLAGS_value=
ac_cv_env_CPPFLAGS_set=
ac_cv_env_CPPFLAGS_value=
ac_cv_env_CPP_set=
ac_cv_env_CPP_value=
ac_cv_env_FCLDFLAGS_set=
ac_cv_env_FCLDFLAGS_value=
ac_cv_env_LDFLAGS_set=
ac_cv_env_LDFLAGS_value=
ac_cv_env_LIBS_set=
ac_cv_env_LIBS_value=
ac_cv_env_LT_CFLAGS_set=
ac_cv_env_LT_CFLAGS_value=
ac_cv_env_LT_LDFLAGS_set=
ac_cv_env_LT_LDFLAGS_value=
ac_cv_env_build_alias_set=
ac_cv_env_build_alias_value=
ac_cv_env_host_alias_set=
ac_cv_env_host_alias_value=
ac_cv_env_target_alias_set=
ac_cv_env_target_alias_value=
ac_cv_func_localeconv=yes
ac_cv_header_dlfcn_h=yes
ac_cv_header_inttypes_h=yes
ac_cv_header_locale_h=yes
ac_cv_header_memory_h=yes
ac_cv_header_stdarg_h=yes
ac_cv_header_stdc=yes
ac_cv_header_stddef_h=yes
ac_cv_header_stdint_h=yes
ac_cv_header_stdlib_h=yes
ac_cv_header_string_h=yes
ac_cv_header_strings_h=yes
ac_cv_header_sys_stat_h=yes
ac_cv_header_sys_types_h=yes
ac_cv_header_unistd_h=yes
ac_cv_header_varargs_h=no
ac_cv_host=x86_64-pc-linux-gnu
ac_cv_lib_m_pow=yes
ac_cv_member_struct_lconv_decimal_point=yes
ac_cv_member_struct_lconv_thousands_sep=yes
ac_cv_objext=o
ac_cv_path_EGREP='/bin/grep -E'
ac_cv_path_FGREP='/bin/grep -F'
ac_cv_path_GREP=/bin/grep
ac_cv_path_SED=/bin/sed
ac_cv_path_install='/bin/install -c'
ac_cv_path_mkdir=/bin/mkdir
ac_cv_prog_AWK=gawk
ac_cv_prog_CPP='gcc -E'
ac_cv_prog_ac_ct_AR=ar
ac_cv_prog_ac_ct_CC=gcc
ac_cv_prog_ac_ct_OBJDUMP=objdump
ac_cv_prog_ac_ct_RANLIB=ranlib
ac_cv_prog_ac_ct_STRIP=strip
ac_cv_prog_cc_c89=
ac_cv_prog_cc_g=yes
ac_cv_prog_make_make_set=yes
ac_cv_sizeof_char=1
ac_cv_sizeof_double=8
ac_cv_sizeof_float=4
ac_cv_sizeof_int=4
ac_cv_sizeof_long=8
ac_cv_sizeof_long_long=8
ac_cv_sizeof_short=2
ac_cv_sizeof_size_t=8
ac_cv_sizeof_void_p=8
ac_cv_type_intmax_t=yes
ac_cv_type_long_double=yes
ac_cv_type_long_long_int=yes
ac_cv_type_ptrdiff_t=yes
ac_cv_type_size_t=yes
ac_cv_type_uintmax_t=yes
ac_cv_type_uintptr_t=yes
ac_cv_type_unsigned_long_long_int=yes
ac_cv_va_copy=C99
am_cv_make_support_nested_variables=yes
am_cv_prog_cc_c_o=yes
lt_cv_ar_at_file=@
lt_cv_archive_cmds_need_lc=no
lt_cv_deplibs_check_method=pass_all
lt_cv_file_magic_cmd='$MAGIC_CMD'
lt_cv_file_magic_test_file=
lt_cv_ld_reload_flag=-r
lt_cv_nm_interface='BSD nm'
lt_cv_objdir=.libs
lt_cv_path_LD=/bin/ld
lt_cv_path_NM='/bin/nm -B'
lt_cv_path_mainfest_tool=no
lt_cv_prog_compiler_c_o=yes
lt_cv_prog_compiler_pic='-fPIC -DPIC'
lt_cv_prog_compiler_pic_works=yes
lt_cv_prog_compiler_rtti_exceptions=no
lt_cv_prog_compiler_static_works=no
lt_cv_prog_gnu_ld=yes
lt_cv_sharedlib_from_linklib_cmd='printf %s\n'
lt_cv_shlibpath_overrides_runpath=no
lt_cv_sys_global_symbol_pipe='sed -n -e '\''s/^.*[	 ]\([ABCDGIRSTW][ABCDGIRSTW]*\)[	 ][	 ]*\([_A-Za-z][_A-Za-z0-9]*\)$/\1 \2 \2/p'\'' | sed '\''/ __gnu_lto/d'\'''
lt_cv_sys_global_symbol_to_c_name_address='sed -n -e '\''s/^: \([^ ]*\)[ ]*$/  {\"\1\", (void *) 0},/p'\'' -e '\''s/^[ABCDGIRSTW]* \([^ ]*\) \([^ ]*\)$/  {"\2", (void *) \&\2},/p'\'''
lt_cv_sys_global_symbol_to_c_name_address_lib_prefix='sed -n -e '\''s/^: \([^ ]*\)[ ]*$/  {\"\1\", (void *) 0},/p'\'' -e '\''s/^[ABCDGIRSTW]* \([^ ]*\) \(lib[^ ]*\)$/  {"\2", (void *) \&\2},/p'\'' -e '\''s/^[ABCDGIRSTW]* \([^ ]*\) \([^ ]*\)$/  {"lib\2", (void *) \&\2},/p'\'''
lt_cv_sys_global_symbol_to_cdecl='sed -n -e '\''s/^T .* \(.*\)$/extern int \1();/p'\'' -e '\''s/^[ABCDGIRSTW]* .* \(.*\)$/extern char \1;/p'\'''
lt_cv_sys_max_cmd_len=1572864
lt_cv_to_host_file_cmd=func_convert_file_noop
lt_cv_to_tool_file_cmd=func_convert_file_noop
matio_cv_have_asprintf=yes
matio_cv_have_matlab=no
matio_cv_have_snprintf=yes
matio_cv_have_vasprintf=yes
matio_cv_have_vsnprintf=yes

## ----------------- ##
## Output variables. ##
## ----------------- ##

ACLOCAL='aclocal-1.14'
AMTAR='$${TAR-tar}'
AM_BACKSLASH='\'
AM_DEFAULT_V='$(AM_DEFAULT_VERBOSITY)'
AM_DEFAULT_VERBOSITY='1'
AM_V='$(V)'
AR='ar'
AUTOCONF='autoconf'
AUTOHEADER='autoheader'
AUTOM4TE='autom4te'
AUTOMAKE='automake-1.14'
AUTOTEST='$(AUTOM4TE) --language=Autotest'
AWK='gawk'
CC='gcc'
CFLAGS=' -g -O2'
CPP='gcc -E'
CPPFLAGS=''
CYGPATH_W='echo'
DEFS='-DHAVE_CONFIG_H'
DLLTOOL='false'
DSYMUTIL=''
DUMPBIN=''
ECHO_C=''
ECHO_N='-n'
ECHO_T=''
EGREP='/bin/grep -E'
EXEEXT=''
EXTENDED_SPARSE_FALSE='#'
EXTENDED_SPARSE_TRUE=''
FCLDFLAGS=''
FGREP='/bin/grep -F'
GREP='/bin/grep'
HAVE_HDF5_FALSE='#'
HAVE_HDF5_TRUE=''
HAVE_INT64='1'
HAVE_UINT64='1'
HAVE_ZLIB_FALSE='#'
HAVE_ZLIB_TRUE=''
HDF5_CFLAGS='-I/users/banspach/oss/third_party/hdf5/hdf5-1.10.1/hdf5/include'
HDF5_LIBS='-L/users/banspach/oss/third_party/hdf5/hdf5-1.10.1/hdf5/lib -lhdf5'
INSTALL_DATA='${INSTALL} -m 644'
INSTALL_PROGRAM='${INSTALL}'
INSTALL_SCRIPT='${INSTALL}'
INSTALL_STRIP_PROGRAM='$(install_sh) -c -s'
LD='/bin/ld -m elf_x86_64'
LDFLAGS=''
LIBOBJS=''
LIBS='-lm '
LIBTOOL='$(SHELL) $(top_builddir)/libtool'
LINUX_FALSE='#'
LINUX_TRUE=''
LIPO=''
LN_S='ln -s'
LTLIBOBJS=''
LT_CFLAGS=''
LT_LDFLAGS=''
MAINT='#'
MAINTAINER_MODE_FALSE=''
MAINTAINER_MODE_TRUE='#'
MAKEINFO='makeinfo'
MANIFEST_TOOL=':'
MAT73_FALSE='#'
MAT73_TRUE=''
MATLABEXE=''
MKDIR_P='/bin/mkdir -p'
NEED_GETOPT_FALSE='#'
NEED_GETOPT_TRUE=''
NM='/bin/nm -B'
NMEDIT=''
OBJDUMP='objdump'
OBJEXT='o'
OTOOL64=''
OTOOL=''
PACKAGE='matio'
PACKAGE_BUGREPORT='chulbe2lsu@users.sourceforge.net'
PACKAGE_NAME='MATIO'
PACKAGE_RELEASE_DATE='22 October 2017'
PACKAGE_STRING='MATIO 1.5.11'
PACKAGE_TARNAME='matio'
PACKAGE_URL='http://sourceforge.net/projects/matio'
PACKAGE_VERSION='1.5.11'
PATH_SEPARATOR=':'
RANLIB='ranlib'
SED='/bin/sed'
SET_MAKE=''
SHELL='/bin/sh'
SIZEOF_INT='4'
SIZEOF_SIZE_T='8'
SIZEOF_VOID_P='8'
STRIP='strip'
SUN_FALSE=''
SUN_TRUE='#'
VERSION='1.5.11'
WINNT_FALSE=''
WINNT_TRUE='#'
ZLIB_CFLAGS='-I/users/banspach/oss/third_party/zlib/zlib-1.2.11/include'
ZLIB_LIBS='-L/users/banspach/oss/third_party/zlib/zlib-1.2.11/lib -lz'
ac_ct_AR='ar'
ac_ct_CC='gcc'
ac_ct_DUMPBIN=''
am__EXEEXT_FALSE=''
am__EXEEXT_TRUE='#'
am__isrc=''
am__leading_dot='.'
am__tar='$${TAR-tar} chof - "$$tardir"'
am__untar='$${TAR-tar} xf -'
bindir='${exec_prefix}/bin'
build='x86_64-pc-linux-gnu'
build_alias=''
build_cpu='x86_64'
build_os='linux-gnu'
build_vendor='pc'
datadir='${datarootdir}'
datarootdir='${prefix}/share'
docdir='${datarootdir}/doc/${PACKAGE_TARNAME}'
dvidir='${docdir}'
exec_prefix='${prefix}'
host='x86_64-pc-linux-gnu'
host_alias=''
host_cpu='x86_64'
host_os='linux-gnu'
host_vendor='pc'
htmldir='${docdir}'
includedir='${prefix}/include'
infodir='${datarootdir}/info'
install_sh='${SHELL} /users/banspach/oss/third_party/matio/matio-1.5.11/config/install-sh'
libdir='${exec_prefix}/lib'
libexecdir='${exec_prefix}/libexec'
localedir='${datarootdir}/locale'
localstatedir='${prefix}/var'
mandir='${datarootdir}/man'
mkdir_p='$(MKDIR_P)'
oldincludedir='/usr/include'
pdfdir='${docdir}'
prefix='/usr/local'
program_transform_name='s,x,x,'
psdir='${docdir}'
sbindir='${exec_prefix}/sbin'
sharedstatedir='${prefix}/com'
sysconfdir='${prefix}/etc'
target_alias=''

## ----------- ##
## confdefs.h. ##
## ----------- ##

/* confdefs.h */
#define PACKAGE_NAME "MATIO"
#define PACKAGE_TARNAME "matio"
#define PACKAGE_VERSION "1.5.11"
#define PACKAGE_STRING "MATIO 1.5.11"
#define PACKAGE_BUGREPORT "chulbe2lsu@users.sourceforge.net"
#define PACKAGE_URL "http://sourceforge.net/projects/matio"
#define PACKAGE "matio"
#define VERSION "1.5.11"
#define MATIO_PLATFORM "x86_64-pc-linux-gnu"
#define MATIO_MAJOR_VERSION 1
#define MATIO_MINOR_VERSION 5
#define MATIO_RELEASE_LEVEL 11
#define MATIO_VERSION 1511
#define MATIO_VERSION_STR "1.5.11"
#define NODEBUG /**/
#define NODEBUG /**/
#define STDC_HEADERS 1
#define HAVE_SYS_TYPES_H 1
#define HAVE_SYS_STAT_H 1
#define HAVE_STDLIB_H 1
#define HAVE_STRING_H 1
#define HAVE_MEMORY_H 1
#define HAVE_STRINGS_H 1
#define HAVE_INTTYPES_H 1
#define HAVE_STDINT_H 1
#define HAVE_UNISTD_H 1
#define HAVE_DLFCN_H 1
#define LT_OBJDIR ".libs/"
#define HAVE_LIBM 1
#define STDC_HEADERS 1
#define HAVE_STDARG_H 1
#define MATIO_HAVE_INTTYPES_H 1
#define MATIO_HAVE_STDINT_H 1
#define HAVE_STRINGS_H 1
#define HAVE_UNISTD_H 1
#define HAVE_LOCALE_H 1
#define HAVE_STDDEF_H 1
#define HAVE_STRUCT_LCONV_DECIMAL_POINT 1
#define HAVE_STRUCT_LCONV_THOUSANDS_SEP 1
#define HAVE_PTRDIFF_T 1
#define HAVE_LOCALECONV 1
#define SIZEOF_DOUBLE 8
#define SIZEOF_FLOAT 4
#define SIZEOF_LONG_LONG 8
#define SIZEOF_LONG 8
#define SIZEOF_INT 4
#define SIZEOF_SHORT 2
#define SIZEOF_CHAR 1
#define SIZEOF_VOID_P 8
#define SIZEOF_SIZE_T 8
#define HAVE_MAT_INT64_T /**/
#define _mat_int64_t int64_t
#define HAVE_MAT_UINT64_T /**/
#define _mat_uint64_t uint64_t
#define HAVE_MAT_INT32_T /**/
#define _mat_int32_t int32_t
#define HAVE_MAT_UINT32_T /**/
#define _mat_uint32_t uint32_t
#define HAVE_MAT_INT16_T /**/
#define _mat_int16_t int16_t
#define HAVE_MAT_UINT16_T /**/
#define _mat_uint16_t uint16_t
#define HAVE_MAT_INT8_T /**/
#define _mat_int8_t int8_t
#define HAVE_MAT_UINT8_T /**/
#define _mat_uint8_t uint8_t
#define HAVE_LONG_DOUBLE 1
#define HAVE_UNSIGNED_LONG_LONG_INT 1
#define HAVE_LONG_LONG_INT 1
#define HAVE_UNSIGNED_LONG_LONG_INT 1
#define HAVE_INTMAX_T 1
#define HAVE_UINTMAX_T 1
#define HAVE_UINTPTR_T 1
#define HAVE_VA_COPY 1
#define __VA_COPY_USE __VA_COPY_USE_C99
#define HAVE_VSNPRINTF 1
#define HAVE_SNPRINTF 1
#define HAVE_VASPRINTF 1
#define HAVE_ASPRINTF 1
#define HAVE_ZLIB 1
#define HAVE_HDF5 1
#define MAT73 1
#define MAT_FT_DEFAULT MAT_FT_MAT73
#define EXTENDED_SPARSE /**/
#define LINUX /**/

configure: exit 0
