checking for a BSD-compatible install... /bin/install -c
checking whether build environment is sane... yes
/users/banspach/oss/third_party/matio/matio-1.5.11/config/missing: Unknown `--is-lightweight' option
Try `/users/banspach/oss/third_party/matio/matio-1.5.11/config/missing --help' for more information
configure: WARNING: 'missing' script is too old or missing
checking for a thread-safe mkdir -p... /bin/mkdir -p
checking for gawk... gawk
checking whether make sets $(MAKE)... yes
checking whether make supports nested variables... yes
checking whether make supports nested variables... (cached) yes
checking whether to enable maintainer-specific portions of Makefiles... no
checking build system type... x86_64-pc-linux-gnu
checking host system type... x86_64-pc-linux-gnu
checking for pgcc... no
checking for icc... no
checking for gcc... gcc
checking whether the C compiler works... yes
checking for C compiler default output file name... a.out
checking for suffix of executables... 
checking whether we are cross compiling... no
checking for suffix of object files... o
checking whether we are using the GNU C compiler... yes
checking whether gcc accepts -g... yes
checking for gcc option to accept ISO C89... none needed
checking whether gcc understands -c and -o together... yes
checking debug mode... no
checking profile mode... no
checking how to print strings... printf
checking for a sed that does not truncate output... /bin/sed
checking for grep that handles long lines and -e... /bin/grep
checking for egrep... /bin/grep -E
checking for fgrep... /bin/grep -F
checking for ld used by gcc... /bin/ld
checking if the linker (/bin/ld) is GNU ld... yes
checking for BSD- or MS-compatible name lister (nm)... /bin/nm -B
checking the name lister (/bin/nm -B) interface... BSD nm
checking whether ln -s works... yes
checking the maximum length of command line arguments... 1572864
checking whether the shell understands some XSI constructs... yes
checking whether the shell understands "+="... yes
checking how to convert x86_64-pc-linux-gnu file names to x86_64-pc-linux-gnu format... func_convert_file_noop
checking how to convert x86_64-pc-linux-gnu file names to toolchain format... func_convert_file_noop
checking for /bin/ld option to reload object files... -r
checking for objdump... objdump
checking how to recognize dependent libraries... pass_all
checking for dlltool... no
checking how to associate runtime and link libraries... printf %s\n
checking for ar... ar
checking for archiver @FILE support... @
checking for strip... strip
checking for ranlib... ranlib
checking command to parse /bin/nm -B output from gcc object... ok
checking for sysroot... no
checking for mt... no
checking if : is a manifest tool... no
checking how to run the C preprocessor... gcc -E
checking for ANSI C header files... yes
checking for sys/types.h... yes
checking for sys/stat.h... yes
checking for stdlib.h... yes
checking for string.h... yes
checking for memory.h... yes
checking for strings.h... yes
checking for inttypes.h... yes
checking for stdint.h... yes
checking for unistd.h... yes
checking for dlfcn.h... yes
checking for objdir... .libs
checking if gcc supports -fno-rtti -fno-exceptions... no
checking for gcc option to produce PIC... -fPIC -DPIC
checking if gcc PIC flag -fPIC -DPIC works... yes
checking if gcc static flag -static works... no
checking if gcc supports -c -o file.o... yes
checking if gcc supports -c -o file.o... (cached) yes
checking whether the gcc linker (/bin/ld -m elf_x86_64) supports shared libraries... yes
checking whether -lc should be explicitly linked in... no
checking dynamic linker characteristics... GNU/Linux ld.so
checking how to hardcode library paths into programs... immediate
checking whether stripping libraries is possible... yes
checking if libtool supports shared libraries... yes
checking whether to build shared libraries... yes
checking whether to build static libraries... yes
checking whether make sets $(MAKE)... (cached) yes
checking for grep that handles long lines and -e... (cached) /bin/grep
checking for pow in -lm... yes
checking for ANSI C header files... (cached) yes
checking for stdarg.h... yes
checking for varargs.h... no
checking for inttypes.h... (cached) yes
checking for stdint.h... (cached) yes
checking for strings.h... (cached) yes
checking for unistd.h... (cached) yes
checking locale.h usability... yes
checking locale.h presence... yes
checking for locale.h... yes
checking stddef.h usability... yes
checking stddef.h presence... yes
checking for stddef.h... yes
checking for struct lconv.decimal_point... yes
checking for struct lconv.thousands_sep... yes
checking for ptrdiff_t... yes
checking for localeconv... yes
checking for getopt_long... internal
checking size of double... 8
checking size of float... 4
checking size of long long... 8
checking size of long... 8
checking size of int... 4
checking size of short... 2
checking size of char... 1
checking size of void *... 8
checking size of size_t... 8
checking for mat_int64_t... int64_t
checking for mat_uint64_t... uint64_t
checking for mat_int32_t... int32_t
checking for mat_uint32_t... uint32_t
checking for mat_int16_t... int16_t
checking for mat_uint16_t... uint16_t
checking for mat_int8_t... int8_t
checking for mat_uint8_t... uint8_t
checking for long double... yes
checking for unsigned long long int... yes
checking for long long int... yes
checking for unsigned long long int... (cached) yes
checking for size_t... yes
checking for intmax_t... yes
checking for uintmax_t... yes
checking for uintptr_t... yes
checking for va_copy() function... yes
checking for vsnprintf()... yes
checking for snprintf()... yes
checking for vasprintf()... yes
checking for asprintf()... yes
checking for matlab... no
no
checking for zlib Library... -L~/oss/third_party/zlib/zlib-1.2.11/lib -lz
checking for HDF5 software... no
checking enable MAT v7.3 file support... no
checking for default MAT file version... MAT_FT_MAT73
checking enable extended sparse types... yes
checking that generated files are newer than configure... done
configure: creating ./config.status
config.status: creating Makefile
config.status: creating matio.pc
config.status: creating src/Makefile
config.status: creating getopt/Makefile
config.status: creating tools/Makefile
config.status: creating test/Makefile
config.status: creating documentation/Makefile
config.status: creating src/matioConfig.h
config.status: creating src/matio_pubconf.h
config.status: executing libtool commands
config.status: executing test/atconfig commands

   MATIO Configuration Summary       
==============================================================
           C Compiler: gcc
               CFLAGS:  -g -O2
     Shared Libraries: yes
     Static Libraries: yes
  default MAT version: MAT_FT_MAT73

Features --------------------------------------------
  MAT v7.3 file support: no
Extended sparse support: yes

Packages --------------------------------------------
                 zlib: -L~/oss/third_party/zlib/zlib-1.2.11/lib -lz
                 hdf5: 
               MATLAB: 


checking for a BSD-compatible install... /bin/install -c
checking whether build environment is sane... yes
/users/banspach/oss/third_party/matio/matio-1.5.11/config/missing: Unknown `--is-lightweight' option
Try `/users/banspach/oss/third_party/matio/matio-1.5.11/config/missing --help' for more information
configure: WARNING: 'missing' script is too old or missing
checking for a thread-safe mkdir -p... /bin/mkdir -p
checking for gawk... gawk
checking whether make sets $(MAKE)... yes
checking whether make supports nested variables... yes
checking whether make supports nested variables... (cached) yes
checking whether to enable maintainer-specific portions of Makefiles... no
checking build system type... x86_64-pc-linux-gnu
checking host system type... x86_64-pc-linux-gnu
checking for pgcc... no
checking for icc... no
checking for gcc... gcc
checking whether the C compiler works... yes
checking for C compiler default output file name... a.out
checking for suffix of executables... 
checking whether we are cross compiling... no
checking for suffix of object files... o
checking whether we are using the GNU C compiler... yes
checking whether gcc accepts -g... yes
checking for gcc option to accept ISO C89... none needed
checking whether gcc understands -c and -o together... yes
checking debug mode... no
checking profile mode... no
checking how to print strings... printf
checking for a sed that does not truncate output... /bin/sed
checking for grep that handles long lines and -e... /bin/grep
checking for egrep... /bin/grep -E
checking for fgrep... /bin/grep -F
checking for ld used by gcc... /bin/ld
checking if the linker (/bin/ld) is GNU ld... yes
checking for BSD- or MS-compatible name lister (nm)... /bin/nm -B
checking the name lister (/bin/nm -B) interface... BSD nm
checking whether ln -s works... yes
checking the maximum length of command line arguments... 1572864
checking whether the shell understands some XSI constructs... yes
checking whether the shell understands "+="... yes
checking how to convert x86_64-pc-linux-gnu file names to x86_64-pc-linux-gnu format... func_convert_file_noop
checking how to convert x86_64-pc-linux-gnu file names to toolchain format... func_convert_file_noop
checking for /bin/ld option to reload object files... -r
checking for objdump... objdump
checking how to recognize dependent libraries... pass_all
checking for dlltool... no
checking how to associate runtime and link libraries... printf %s\n
checking for ar... ar
checking for archiver @FILE support... @
checking for strip... strip
checking for ranlib... ranlib
checking command to parse /bin/nm -B output from gcc object... ok
checking for sysroot... no
checking for mt... no
checking if : is a manifest tool... no
checking how to run the C preprocessor... gcc -E
checking for ANSI C header files... yes
checking for sys/types.h... yes
checking for sys/stat.h... yes
checking for stdlib.h... yes
checking for string.h... yes
checking for memory.h... yes
checking for strings.h... yes
checking for inttypes.h... yes
checking for stdint.h... yes
checking for unistd.h... yes
checking for dlfcn.h... yes
checking for objdir... .libs
checking if gcc supports -fno-rtti -fno-exceptions... no
checking for gcc option to produce PIC... -fPIC -DPIC
checking if gcc PIC flag -fPIC -DPIC works... yes
checking if gcc static flag -static works... no
checking if gcc supports -c -o file.o... yes
checking if gcc supports -c -o file.o... (cached) yes
checking whether the gcc linker (/bin/ld -m elf_x86_64) supports shared libraries... yes
checking whether -lc should be explicitly linked in... no
checking dynamic linker characteristics... GNU/Linux ld.so
checking how to hardcode library paths into programs... immediate
checking whether stripping libraries is possible... yes
checking if libtool supports shared libraries... yes
checking whether to build shared libraries... yes
checking whether to build static libraries... yes
checking whether make sets $(MAKE)... (cached) yes
checking for grep that handles long lines and -e... (cached) /bin/grep
checking for pow in -lm... yes
checking for ANSI C header files... (cached) yes
checking for stdarg.h... yes
checking for varargs.h... no
checking for inttypes.h... (cached) yes
checking for stdint.h... (cached) yes
checking for strings.h... (cached) yes
checking for unistd.h... (cached) yes
checking locale.h usability... yes
checking locale.h presence... yes
checking for locale.h... yes
checking stddef.h usability... yes
checking stddef.h presence... yes
checking for stddef.h... yes
checking for struct lconv.decimal_point... yes
checking for struct lconv.thousands_sep... yes
checking for ptrdiff_t... yes
checking for localeconv... yes
checking for getopt_long... internal
checking size of double... 8
checking size of float... 4
checking size of long long... 8
checking size of long... 8
checking size of int... 4
checking size of short... 2
checking size of char... 1
checking size of void *... 8
checking size of size_t... 8
checking for mat_int64_t... int64_t
checking for mat_uint64_t... uint64_t
checking for mat_int32_t... int32_t
checking for mat_uint32_t... uint32_t
checking for mat_int16_t... int16_t
checking for mat_uint16_t... uint16_t
checking for mat_int8_t... int8_t
checking for mat_uint8_t... uint8_t
checking for long double... yes
checking for unsigned long long int... yes
checking for long long int... yes
checking for unsigned long long int... (cached) yes
checking for size_t... yes
checking for intmax_t... yes
checking for uintmax_t... yes
checking for uintptr_t... yes
checking for va_copy() function... yes
checking for vsnprintf()... yes
checking for snprintf()... yes
checking for vasprintf()... yes
checking for asprintf()... yes
checking for matlab... no
no
checking for zlib Library... -L~/oss/third_party/zlib/zlib-1.2.11/lib -lz
checking for HDF5 software... -L/users/banspach/oss/third_party/hdf5/hdf5-1.10.1/hdf5/lib -lhdf5
checking if HDF5 interface is >= v1.8... yes
checking enable MAT v7.3 file support... yes
checking for default MAT file version... MAT_FT_MAT73
checking enable extended sparse types... yes
checking that generated files are newer than configure... done
configure: creating ./config.status
config.status: creating Makefile
config.status: creating matio.pc
config.status: creating src/Makefile
config.status: creating getopt/Makefile
config.status: creating tools/Makefile
config.status: creating test/Makefile
config.status: creating documentation/Makefile
config.status: creating src/matioConfig.h
config.status: creating src/matio_pubconf.h
config.status: src/matio_pubconf.h is unchanged
config.status: executing libtool commands
config.status: executing test/atconfig commands

   MATIO Configuration Summary       
==============================================================
           C Compiler: gcc
               CFLAGS:  -g -O2
     Shared Libraries: yes
     Static Libraries: yes
  default MAT version: MAT_FT_MAT73

Features --------------------------------------------
  MAT v7.3 file support: yes
Extended sparse support: yes

Packages --------------------------------------------
                 zlib: -L~/oss/third_party/zlib/zlib-1.2.11/lib -lz
                 hdf5: -L/users/banspach/oss/third_party/hdf5/hdf5-1.10.1/hdf5/lib -lhdf5
               MATLAB: 


checking for a BSD-compatible install... /bin/install -c
checking whether build environment is sane... yes
/users/banspach/oss/third_party/matio/matio-1.5.11/config/missing: Unknown `--is-lightweight' option
Try `/users/banspach/oss/third_party/matio/matio-1.5.11/config/missing --help' for more information
configure: WARNING: 'missing' script is too old or missing
checking for a thread-safe mkdir -p... /bin/mkdir -p
checking for gawk... gawk
checking whether make sets $(MAKE)... yes
checking whether make supports nested variables... yes
checking whether make supports nested variables... (cached) yes
checking whether to enable maintainer-specific portions of Makefiles... no
checking build system type... x86_64-pc-linux-gnu
checking host system type... x86_64-pc-linux-gnu
checking for pgcc... no
checking for icc... no
checking for gcc... gcc
checking whether the C compiler works... yes
checking for C compiler default output file name... a.out
checking for suffix of executables... 
checking whether we are cross compiling... no
checking for suffix of object files... o
checking whether we are using the GNU C compiler... yes
checking whether gcc accepts -g... yes
checking for gcc option to accept ISO C89... none needed
checking whether gcc understands -c and -o together... yes
checking debug mode... no
checking profile mode... no
checking how to print strings... printf
checking for a sed that does not truncate output... /bin/sed
checking for grep that handles long lines and -e... /bin/grep
checking for egrep... /bin/grep -E
checking for fgrep... /bin/grep -F
checking for ld used by gcc... /bin/ld
checking if the linker (/bin/ld) is GNU ld... yes
checking for BSD- or MS-compatible name lister (nm)... /bin/nm -B
checking the name lister (/bin/nm -B) interface... BSD nm
checking whether ln -s works... yes
checking the maximum length of command line arguments... 1572864
checking whether the shell understands some XSI constructs... yes
checking whether the shell understands "+="... yes
checking how to convert x86_64-pc-linux-gnu file names to x86_64-pc-linux-gnu format... func_convert_file_noop
checking how to convert x86_64-pc-linux-gnu file names to toolchain format... func_convert_file_noop
checking for /bin/ld option to reload object files... -r
checking for objdump... objdump
checking how to recognize dependent libraries... pass_all
checking for dlltool... no
checking how to associate runtime and link libraries... printf %s\n
checking for ar... ar
checking for archiver @FILE support... @
checking for strip... strip
checking for ranlib... ranlib
checking command to parse /bin/nm -B output from gcc object... ok
checking for sysroot... no
checking for mt... no
checking if : is a manifest tool... no
checking how to run the C preprocessor... gcc -E
checking for ANSI C header files... yes
checking for sys/types.h... yes
checking for sys/stat.h... yes
checking for stdlib.h... yes
checking for string.h... yes
checking for memory.h... yes
checking for strings.h... yes
checking for inttypes.h... yes
checking for stdint.h... yes
checking for unistd.h... yes
checking for dlfcn.h... yes
checking for objdir... .libs
checking if gcc supports -fno-rtti -fno-exceptions... no
checking for gcc option to produce PIC... -fPIC -DPIC
checking if gcc PIC flag -fPIC -DPIC works... yes
checking if gcc static flag -static works... no
checking if gcc supports -c -o file.o... yes
checking if gcc supports -c -o file.o... (cached) yes
checking whether the gcc linker (/bin/ld -m elf_x86_64) supports shared libraries... yes
checking whether -lc should be explicitly linked in... no
checking dynamic linker characteristics... GNU/Linux ld.so
checking how to hardcode library paths into programs... immediate
checking whether stripping libraries is possible... yes
checking if libtool supports shared libraries... yes
checking whether to build shared libraries... yes
checking whether to build static libraries... yes
checking whether make sets $(MAKE)... (cached) yes
checking for grep that handles long lines and -e... (cached) /bin/grep
checking for pow in -lm... yes
checking for ANSI C header files... (cached) yes
checking for stdarg.h... yes
checking for varargs.h... no
checking for inttypes.h... (cached) yes
checking for stdint.h... (cached) yes
checking for strings.h... (cached) yes
checking for unistd.h... (cached) yes
checking locale.h usability... yes
checking locale.h presence... yes
checking for locale.h... yes
checking stddef.h usability... yes
checking stddef.h presence... yes
checking for stddef.h... yes
checking for struct lconv.decimal_point... yes
checking for struct lconv.thousands_sep... yes
checking for ptrdiff_t... yes
checking for localeconv... yes
checking for getopt_long... internal
checking size of double... 8
checking size of float... 4
checking size of long long... 8
checking size of long... 8
checking size of int... 4
checking size of short... 2
checking size of char... 1
checking size of void *... 8
checking size of size_t... 8
checking for mat_int64_t... int64_t
checking for mat_uint64_t... uint64_t
checking for mat_int32_t... int32_t
checking for mat_uint32_t... uint32_t
checking for mat_int16_t... int16_t
checking for mat_uint16_t... uint16_t
checking for mat_int8_t... int8_t
checking for mat_uint8_t... uint8_t
checking for long double... yes
checking for unsigned long long int... yes
checking for long long int... yes
checking for unsigned long long int... (cached) yes
checking for size_t... yes
checking for intmax_t... yes
checking for uintmax_t... yes
checking for uintptr_t... yes
checking for va_copy() function... yes
checking for vsnprintf()... yes
checking for snprintf()... yes
checking for vasprintf()... yes
checking for asprintf()... yes
checking for matlab... no
no
checking for zlib Library... -L~/oss/third_party/zlib/zlib-1.2.11/lib -lz
checking for HDF5 software... no
checking enable MAT v7.3 file support... no
checking for default MAT file version... MAT_FT_MAT73
checking enable extended sparse types... yes
checking that generated files are newer than configure... done
configure: creating ./config.status
config.status: creating Makefile
config.status: creating matio.pc
config.status: creating src/Makefile
config.status: creating getopt/Makefile
config.status: creating tools/Makefile
config.status: creating test/Makefile
config.status: creating documentation/Makefile
config.status: creating src/matioConfig.h
config.status: creating src/matio_pubconf.h
config.status: src/matio_pubconf.h is unchanged
config.status: executing libtool commands
config.status: executing test/atconfig commands

   MATIO Configuration Summary       
==============================================================
           C Compiler: gcc
               CFLAGS:  -g -O2
     Shared Libraries: yes
     Static Libraries: yes
  default MAT version: MAT_FT_MAT73

Features --------------------------------------------
  MAT v7.3 file support: no
Extended sparse support: yes

Packages --------------------------------------------
                 zlib: -L~/oss/third_party/zlib/zlib-1.2.11/lib -lz
                 hdf5: 
               MATLAB: 


checking for a BSD-compatible install... /bin/install -c
checking whether build environment is sane... yes
/users/banspach/oss/third_party/matio/matio-1.5.11/config/missing: Unknown `--is-lightweight' option
Try `/users/banspach/oss/third_party/matio/matio-1.5.11/config/missing --help' for more information
configure: WARNING: 'missing' script is too old or missing
checking for a thread-safe mkdir -p... /bin/mkdir -p
checking for gawk... gawk
checking whether make sets $(MAKE)... yes
checking whether make supports nested variables... yes
checking whether make supports nested variables... (cached) yes
checking whether to enable maintainer-specific portions of Makefiles... no
checking build system type... x86_64-pc-linux-gnu
checking host system type... x86_64-pc-linux-gnu
checking for pgcc... no
checking for icc... no
checking for gcc... gcc
checking whether the C compiler works... yes
checking for C compiler default output file name... a.out
checking for suffix of executables... 
checking whether we are cross compiling... no
checking for suffix of object files... o
checking whether we are using the GNU C compiler... yes
checking whether gcc accepts -g... yes
checking for gcc option to accept ISO C89... none needed
checking whether gcc understands -c and -o together... yes
checking debug mode... no
checking profile mode... no
checking how to print strings... printf
checking for a sed that does not truncate output... /bin/sed
checking for grep that handles long lines and -e... /bin/grep
checking for egrep... /bin/grep -E
checking for fgrep... /bin/grep -F
checking for ld used by gcc... /bin/ld
checking if the linker (/bin/ld) is GNU ld... yes
checking for BSD- or MS-compatible name lister (nm)... /bin/nm -B
checking the name lister (/bin/nm -B) interface... BSD nm
checking whether ln -s works... yes
checking the maximum length of command line arguments... 1572864
checking whether the shell understands some XSI constructs... yes
checking whether the shell understands "+="... yes
checking how to convert x86_64-pc-linux-gnu file names to x86_64-pc-linux-gnu format... func_convert_file_noop
checking how to convert x86_64-pc-linux-gnu file names to toolchain format... func_convert_file_noop
checking for /bin/ld option to reload object files... -r
checking for objdump... objdump
checking how to recognize dependent libraries... pass_all
checking for dlltool... no
checking how to associate runtime and link libraries... printf %s\n
checking for ar... ar
checking for archiver @FILE support... @
checking for strip... strip
checking for ranlib... ranlib
checking command to parse /bin/nm -B output from gcc object... ok
checking for sysroot... no
checking for mt... no
checking if : is a manifest tool... no
checking how to run the C preprocessor... gcc -E
checking for ANSI C header files... yes
checking for sys/types.h... yes
checking for sys/stat.h... yes
checking for stdlib.h... yes
checking for string.h... yes
checking for memory.h... yes
checking for strings.h... yes
checking for inttypes.h... yes
checking for stdint.h... yes
checking for unistd.h... yes
checking for dlfcn.h... yes
checking for objdir... .libs
checking if gcc supports -fno-rtti -fno-exceptions... no
checking for gcc option to produce PIC... -fPIC -DPIC
checking if gcc PIC flag -fPIC -DPIC works... yes
checking if gcc static flag -static works... no
checking if gcc supports -c -o file.o... yes
checking if gcc supports -c -o file.o... (cached) yes
checking whether the gcc linker (/bin/ld -m elf_x86_64) supports shared libraries... yes
checking whether -lc should be explicitly linked in... no
checking dynamic linker characteristics... GNU/Linux ld.so
checking how to hardcode library paths into programs... immediate
checking whether stripping libraries is possible... yes
checking if libtool supports shared libraries... yes
checking whether to build shared libraries... yes
checking whether to build static libraries... yes
checking whether make sets $(MAKE)... (cached) yes
checking for grep that handles long lines and -e... (cached) /bin/grep
checking for pow in -lm... yes
checking for ANSI C header files... (cached) yes
checking for stdarg.h... yes
checking for varargs.h... no
checking for inttypes.h... (cached) yes
checking for stdint.h... (cached) yes
checking for strings.h... (cached) yes
checking for unistd.h... (cached) yes
checking locale.h usability... yes
checking locale.h presence... yes
checking for locale.h... yes
checking stddef.h usability... yes
checking stddef.h presence... yes
checking for stddef.h... yes
checking for struct lconv.decimal_point... yes
checking for struct lconv.thousands_sep... yes
checking for ptrdiff_t... yes
checking for localeconv... yes
checking for getopt_long... internal
checking size of double... 8
checking size of float... 4
checking size of long long... 8
checking size of long... 8
checking size of int... 4
checking size of short... 2
checking size of char... 1
checking size of void *... 8
checking size of size_t... 8
checking for mat_int64_t... int64_t
checking for mat_uint64_t... uint64_t
checking for mat_int32_t... int32_t
checking for mat_uint32_t... uint32_t
checking for mat_int16_t... int16_t
checking for mat_uint16_t... uint16_t
checking for mat_int8_t... int8_t
checking for mat_uint8_t... uint8_t
checking for long double... yes
checking for unsigned long long int... yes
checking for long long int... yes
checking for unsigned long long int... (cached) yes
checking for size_t... yes
checking for intmax_t... yes
checking for uintmax_t... yes
checking for uintptr_t... yes
checking for va_copy() function... yes
checking for vsnprintf()... yes
checking for snprintf()... yes
checking for vasprintf()... yes
checking for asprintf()... yes
checking for matlab... no
no
checking for zlib Library... -L~/oss/third_party/zlib/zlib-1.2.11/lib -lz
checking for HDF5 software... -L/users/banspach/oss/third_party/hdf5/hdf5-1.10.1/hdf5/lib -lhdf5
checking if HDF5 interface is >= v1.8... yes
checking enable MAT v7.3 file support... yes
checking for default MAT file version... MAT_FT_MAT73
checking enable extended sparse types... yes
checking that generated files are newer than configure... done
configure: creating ./config.status
config.status: creating Makefile
config.status: creating matio.pc
config.status: creating src/Makefile
config.status: creating getopt/Makefile
config.status: creating tools/Makefile
config.status: creating test/Makefile
config.status: creating documentation/Makefile
config.status: creating src/matioConfig.h
config.status: creating src/matio_pubconf.h
config.status: src/matio_pubconf.h is unchanged
config.status: executing libtool commands
config.status: executing test/atconfig commands

   MATIO Configuration Summary       
==============================================================
           C Compiler: gcc
               CFLAGS:  -g -O2
     Shared Libraries: yes
     Static Libraries: yes
  default MAT version: MAT_FT_MAT73

Features --------------------------------------------
  MAT v7.3 file support: yes
Extended sparse support: yes

Packages --------------------------------------------
                 zlib: -L~/oss/third_party/zlib/zlib-1.2.11/lib -lz
                 hdf5: -L/users/banspach/oss/third_party/hdf5/hdf5-1.10.1/hdf5/lib -lhdf5
               MATLAB: 


checking for a BSD-compatible install... /bin/install -c
checking whether build environment is sane... yes
/users/banspach/oss/third_party/matio/matio-1.5.11/config/missing: Unknown `--is-lightweight' option
Try `/users/banspach/oss/third_party/matio/matio-1.5.11/config/missing --help' for more information
configure: WARNING: 'missing' script is too old or missing
checking for a thread-safe mkdir -p... /bin/mkdir -p
checking for gawk... gawk
checking whether make sets $(MAKE)... yes
checking whether make supports nested variables... yes
checking whether make supports nested variables... (cached) yes
checking whether to enable maintainer-specific portions of Makefiles... no
checking build system type... x86_64-pc-linux-gnu
checking host system type... x86_64-pc-linux-gnu
checking for pgcc... no
checking for icc... no
checking for gcc... gcc
checking whether the C compiler works... yes
checking for C compiler default output file name... a.out
checking for suffix of executables... 
checking whether we are cross compiling... no
checking for suffix of object files... o
checking whether we are using the GNU C compiler... yes
checking whether gcc accepts -g... yes
checking for gcc option to accept ISO C89... none needed
checking whether gcc understands -c and -o together... yes
checking debug mode... no
checking profile mode... no
checking how to print strings... printf
checking for a sed that does not truncate output... /bin/sed
checking for grep that handles long lines and -e... /bin/grep
checking for egrep... /bin/grep -E
checking for fgrep... /bin/grep -F
checking for ld used by gcc... /bin/ld
checking if the linker (/bin/ld) is GNU ld... yes
checking for BSD- or MS-compatible name lister (nm)... /bin/nm -B
checking the name lister (/bin/nm -B) interface... BSD nm
checking whether ln -s works... yes
checking the maximum length of command line arguments... 1572864
checking whether the shell understands some XSI constructs... yes
checking whether the shell understands "+="... yes
checking how to convert x86_64-pc-linux-gnu file names to x86_64-pc-linux-gnu format... func_convert_file_noop
checking how to convert x86_64-pc-linux-gnu file names to toolchain format... func_convert_file_noop
checking for /bin/ld option to reload object files... -r
checking for objdump... objdump
checking how to recognize dependent libraries... pass_all
checking for dlltool... no
checking how to associate runtime and link libraries... printf %s\n
checking for ar... ar
checking for archiver @FILE support... @
checking for strip... strip
checking for ranlib... ranlib
checking command to parse /bin/nm -B output from gcc object... ok
checking for sysroot... no
checking for mt... no
checking if : is a manifest tool... no
checking how to run the C preprocessor... gcc -E
checking for ANSI C header files... yes
checking for sys/types.h... yes
checking for sys/stat.h... yes
checking for stdlib.h... yes
checking for string.h... yes
checking for memory.h... yes
checking for strings.h... yes
checking for inttypes.h... yes
checking for stdint.h... yes
checking for unistd.h... yes
checking for dlfcn.h... yes
checking for objdir... .libs
checking if gcc supports -fno-rtti -fno-exceptions... no
checking for gcc option to produce PIC... -fPIC -DPIC
checking if gcc PIC flag -fPIC -DPIC works... yes
checking if gcc static flag -static works... no
checking if gcc supports -c -o file.o... yes
checking if gcc supports -c -o file.o... (cached) yes
checking whether the gcc linker (/bin/ld -m elf_x86_64) supports shared libraries... yes
checking whether -lc should be explicitly linked in... no
checking dynamic linker characteristics... GNU/Linux ld.so
checking how to hardcode library paths into programs... immediate
checking whether stripping libraries is possible... yes
checking if libtool supports shared libraries... yes
checking whether to build shared libraries... yes
checking whether to build static libraries... yes
checking whether make sets $(MAKE)... (cached) yes
checking for grep that handles long lines and -e... (cached) /bin/grep
checking for pow in -lm... yes
checking for ANSI C header files... (cached) yes
checking for stdarg.h... yes
checking for varargs.h... no
checking for inttypes.h... (cached) yes
checking for stdint.h... (cached) yes
checking for strings.h... (cached) yes
checking for unistd.h... (cached) yes
checking locale.h usability... yes
checking locale.h presence... yes
checking for locale.h... yes
checking stddef.h usability... yes
checking stddef.h presence... yes
checking for stddef.h... yes
checking for struct lconv.decimal_point... yes
checking for struct lconv.thousands_sep... yes
checking for ptrdiff_t... yes
checking for localeconv... yes
checking for getopt_long... internal
checking size of double... 8
checking size of float... 4
checking size of long long... 8
checking size of long... 8
checking size of int... 4
checking size of short... 2
checking size of char... 1
checking size of void *... 8
checking size of size_t... 8
checking for mat_int64_t... int64_t
checking for mat_uint64_t... uint64_t
checking for mat_int32_t... int32_t
checking for mat_uint32_t... uint32_t
checking for mat_int16_t... int16_t
checking for mat_uint16_t... uint16_t
checking for mat_int8_t... int8_t
checking for mat_uint8_t... uint8_t
checking for long double... yes
checking for unsigned long long int... yes
checking for long long int... yes
checking for unsigned long long int... (cached) yes
checking for size_t... yes
checking for intmax_t... yes
checking for uintmax_t... yes
checking for uintptr_t... yes
checking for va_copy() function... yes
checking for vsnprintf()... yes
checking for snprintf()... yes
checking for vasprintf()... yes
checking for asprintf()... yes
checking for matlab... no
no
checking for zlib Library... -L/users/banspach/oss/third_party/zlib/zlib-1.2.11/lib -lz
checking for HDF5 software... -L/users/banspach/oss/third_party/hdf5/hdf5-1.10.1/hdf5/lib -lhdf5
checking if HDF5 interface is >= v1.8... yes
checking enable MAT v7.3 file support... yes
checking for default MAT file version... MAT_FT_MAT73
checking enable extended sparse types... yes
checking that generated files are newer than configure... done
configure: creating ./config.status
config.status: creating Makefile
config.status: creating matio.pc
config.status: creating src/Makefile
config.status: creating getopt/Makefile
config.status: creating tools/Makefile
config.status: creating test/Makefile
config.status: creating documentation/Makefile
config.status: creating src/matioConfig.h
config.status: src/matioConfig.h is unchanged
config.status: creating src/matio_pubconf.h
config.status: src/matio_pubconf.h is unchanged
config.status: executing libtool commands
config.status: executing test/atconfig commands

   MATIO Configuration Summary       
==============================================================
           C Compiler: gcc
               CFLAGS:  -g -O2
     Shared Libraries: yes
     Static Libraries: yes
  default MAT version: MAT_FT_MAT73

Features --------------------------------------------
  MAT v7.3 file support: yes
Extended sparse support: yes

Packages --------------------------------------------
                 zlib: -L/users/banspach/oss/third_party/zlib/zlib-1.2.11/lib -lz
                 hdf5: -L/users/banspach/oss/third_party/hdf5/hdf5-1.10.1/hdf5/lib -lhdf5
               MATLAB: 


