The system is: Linux - 3.10.0-327.36.3.el7.x86_64 - x86_64
Compiling the C compiler identification source file "CMakeCCompilerId.c" succeeded.
Compiler: /bin/cc 
Build flags: 
Id flags:  

The output was:
0


Compilation of the C compiler identification source "CMakeCCompilerId.c" produced "a.out"

The C compiler identification is GNU, found in "/users/banspach/oss/third_party/sundials/sundials-3.1.0-build/CMakeFiles/3.10.0/CompilerIdC/a.out"

Determining if the C compiler works passed with the following output:
Change Dir: /users/banspach/oss/third_party/sundials/sundials-3.1.0-build/CMakeFiles/CMakeTmp

Run Build Command:"/bin/gmake" "cmTC_3945e/fast"
gmake: Warning: File `Makefile' has modification time 388 s in the future
/bin/gmake -f CMakeFiles/cmTC_3945e.dir/build.make CMakeFiles/cmTC_3945e.dir/build
gmake[1]: Entering directory `/users/banspach/oss/third_party/sundials/sundials-3.1.0-build/CMakeFiles/CMakeTmp'
gmake[1]: Warning: File `CMakeFiles/cmTC_3945e.dir/flags.make' has modification time 388 s in the future
Building C object CMakeFiles/cmTC_3945e.dir/testCCompiler.c.o
/bin/cc    -o CMakeFiles/cmTC_3945e.dir/testCCompiler.c.o   -c /users/banspach/oss/third_party/sundials/sundials-3.1.0-build/CMakeFiles/CMakeTmp/testCCompiler.c
Linking C executable cmTC_3945e
/users/banspach/cmake/cmake-3.10.0-Linux-x86_64/bin/cmake -E cmake_link_script CMakeFiles/cmTC_3945e.dir/link.txt --verbose=1
/bin/cc      -rdynamic CMakeFiles/cmTC_3945e.dir/testCCompiler.c.o  -o cmTC_3945e 
gmake[1]: warning:  Clock skew detected.  Your build may be incomplete.
gmake[1]: Leaving directory `/users/banspach/oss/third_party/sundials/sundials-3.1.0-build/CMakeFiles/CMakeTmp'
gmake: warning:  Clock skew detected.  Your build may be incomplete.


Detecting C compiler ABI info compiled with the following output:
Change Dir: /users/banspach/oss/third_party/sundials/sundials-3.1.0-build/CMakeFiles/CMakeTmp

Run Build Command:"/bin/gmake" "cmTC_ff4a4/fast"
gmake: Warning: File `Makefile' has modification time 388 s in the future
/bin/gmake -f CMakeFiles/cmTC_ff4a4.dir/build.make CMakeFiles/cmTC_ff4a4.dir/build
gmake[1]: Entering directory `/users/banspach/oss/third_party/sundials/sundials-3.1.0-build/CMakeFiles/CMakeTmp'
gmake[1]: Warning: File `CMakeFiles/cmTC_ff4a4.dir/flags.make' has modification time 388 s in the future
Building C object CMakeFiles/cmTC_ff4a4.dir/CMakeCCompilerABI.c.o
/bin/cc    -o CMakeFiles/cmTC_ff4a4.dir/CMakeCCompilerABI.c.o   -c /users/banspach/cmake/cmake-3.10.0-Linux-x86_64/share/cmake-3.10/Modules/CMakeCCompilerABI.c
Linking C executable cmTC_ff4a4
/users/banspach/cmake/cmake-3.10.0-Linux-x86_64/bin/cmake -E cmake_link_script CMakeFiles/cmTC_ff4a4.dir/link.txt --verbose=1
/bin/cc     -v -rdynamic CMakeFiles/cmTC_ff4a4.dir/CMakeCCompilerABI.c.o  -o cmTC_ff4a4 
Using built-in specs.
COLLECT_GCC=/bin/cc
COLLECT_LTO_WRAPPER=/usr/libexec/gcc/x86_64-redhat-linux/4.8.5/lto-wrapper
Target: x86_64-redhat-linux
Configured with: ../configure --prefix=/usr --mandir=/usr/share/man --infodir=/usr/share/info --with-bugurl=http://bugzilla.redhat.com/bugzilla --enable-bootstrap --enable-shared --enable-threads=posix --enable-checking=release --with-system-zlib --enable-__cxa_atexit --disable-libunwind-exceptions --enable-gnu-unique-object --enable-linker-build-id --with-linker-hash-style=gnu --enable-languages=c,c++,objc,obj-c++,java,fortran,ada,go,lto --enable-plugin --enable-initfini-array --disable-libgcj --with-isl=/builddir/build/BUILD/gcc-4.8.5-20150702/obj-x86_64-redhat-linux/isl-install --with-cloog=/builddir/build/BUILD/gcc-4.8.5-20150702/obj-x86_64-redhat-linux/cloog-install --enable-gnu-indirect-function --with-tune=generic --with-arch_32=x86-64 --build=x86_64-redhat-linux
Thread model: posix
gcc version 4.8.5 20150623 (Red Hat 4.8.5-11) (GCC) 
COMPILER_PATH=/usr/libexec/gcc/x86_64-redhat-linux/4.8.5/:/usr/libexec/gcc/x86_64-redhat-linux/4.8.5/:/usr/libexec/gcc/x86_64-redhat-linux/:/usr/lib/gcc/x86_64-redhat-linux/4.8.5/:/usr/lib/gcc/x86_64-redhat-linux/
LIBRARY_PATH=/usr/lib/gcc/x86_64-redhat-linux/4.8.5/:/usr/lib/gcc/x86_64-redhat-linux/4.8.5/../../../../lib64/:/lib/../lib64/:/usr/lib/../lib64/:/usr/lib/gcc/x86_64-redhat-linux/4.8.5/../../../:/lib/:/usr/lib/
COLLECT_GCC_OPTIONS='-v' '-rdynamic' '-o' 'cmTC_ff4a4' '-mtune=generic' '-march=x86-64'
 /usr/libexec/gcc/x86_64-redhat-linux/4.8.5/collect2 --build-id --no-add-needed --eh-frame-hdr --hash-style=gnu -m elf_x86_64 -export-dynamic -dynamic-linker /lib64/ld-linux-x86-64.so.2 -o cmTC_ff4a4 /usr/lib/gcc/x86_64-redhat-linux/4.8.5/../../../../lib64/crt1.o /usr/lib/gcc/x86_64-redhat-linux/4.8.5/../../../../lib64/crti.o /usr/lib/gcc/x86_64-redhat-linux/4.8.5/crtbegin.o -L/usr/lib/gcc/x86_64-redhat-linux/4.8.5 -L/usr/lib/gcc/x86_64-redhat-linux/4.8.5/../../../../lib64 -L/lib/../lib64 -L/usr/lib/../lib64 -L/usr/lib/gcc/x86_64-redhat-linux/4.8.5/../../.. CMakeFiles/cmTC_ff4a4.dir/CMakeCCompilerABI.c.o -lgcc --as-needed -lgcc_s --no-as-needed -lc -lgcc --as-needed -lgcc_s --no-as-needed /usr/lib/gcc/x86_64-redhat-linux/4.8.5/crtend.o /usr/lib/gcc/x86_64-redhat-linux/4.8.5/../../../../lib64/crtn.o
gmake[1]: warning:  Clock skew detected.  Your build may be incomplete.
gmake[1]: Leaving directory `/users/banspach/oss/third_party/sundials/sundials-3.1.0-build/CMakeFiles/CMakeTmp'
gmake: warning:  Clock skew detected.  Your build may be incomplete.


Parsed C implicit link information from above output:
  link line regex: [^( *|.*[/\])(ld|CMAKE_LINK_STARTFILE-NOTFOUND|([^/\]+-)?ld|collect2)[^/\]*( |$)]
  ignore line: [Change Dir: /users/banspach/oss/third_party/sundials/sundials-3.1.0-build/CMakeFiles/CMakeTmp]
  ignore line: []
  ignore line: [Run Build Command:"/bin/gmake" "cmTC_ff4a4/fast"]
  ignore line: [gmake: Warning: File `Makefile' has modification time 388 s in the future]
  ignore line: [/bin/gmake -f CMakeFiles/cmTC_ff4a4.dir/build.make CMakeFiles/cmTC_ff4a4.dir/build]
  ignore line: [gmake[1]: Entering directory `/users/banspach/oss/third_party/sundials/sundials-3.1.0-build/CMakeFiles/CMakeTmp']
  ignore line: [gmake[1]: Warning: File `CMakeFiles/cmTC_ff4a4.dir/flags.make' has modification time 388 s in the future]
  ignore line: [Building C object CMakeFiles/cmTC_ff4a4.dir/CMakeCCompilerABI.c.o]
  ignore line: [/bin/cc    -o CMakeFiles/cmTC_ff4a4.dir/CMakeCCompilerABI.c.o   -c /users/banspach/cmake/cmake-3.10.0-Linux-x86_64/share/cmake-3.10/Modules/CMakeCCompilerABI.c]
  ignore line: [Linking C executable cmTC_ff4a4]
  ignore line: [/users/banspach/cmake/cmake-3.10.0-Linux-x86_64/bin/cmake -E cmake_link_script CMakeFiles/cmTC_ff4a4.dir/link.txt --verbose=1]
  ignore line: [/bin/cc     -v -rdynamic CMakeFiles/cmTC_ff4a4.dir/CMakeCCompilerABI.c.o  -o cmTC_ff4a4 ]
  ignore line: [Using built-in specs.]
  ignore line: [COLLECT_GCC=/bin/cc]
  ignore line: [COLLECT_LTO_WRAPPER=/usr/libexec/gcc/x86_64-redhat-linux/4.8.5/lto-wrapper]
  ignore line: [Target: x86_64-redhat-linux]
  ignore line: [Configured with: ../configure --prefix=/usr --mandir=/usr/share/man --infodir=/usr/share/info --with-bugurl=http://bugzilla.redhat.com/bugzilla --enable-bootstrap --enable-shared --enable-threads=posix --enable-checking=release --with-system-zlib --enable-__cxa_atexit --disable-libunwind-exceptions --enable-gnu-unique-object --enable-linker-build-id --with-linker-hash-style=gnu --enable-languages=c,c++,objc,obj-c++,java,fortran,ada,go,lto --enable-plugin --enable-initfini-array --disable-libgcj --with-isl=/builddir/build/BUILD/gcc-4.8.5-20150702/obj-x86_64-redhat-linux/isl-install --with-cloog=/builddir/build/BUILD/gcc-4.8.5-20150702/obj-x86_64-redhat-linux/cloog-install --enable-gnu-indirect-function --with-tune=generic --with-arch_32=x86-64 --build=x86_64-redhat-linux]
  ignore line: [Thread model: posix]
  ignore line: [gcc version 4.8.5 20150623 (Red Hat 4.8.5-11) (GCC) ]
  ignore line: [COMPILER_PATH=/usr/libexec/gcc/x86_64-redhat-linux/4.8.5/:/usr/libexec/gcc/x86_64-redhat-linux/4.8.5/:/usr/libexec/gcc/x86_64-redhat-linux/:/usr/lib/gcc/x86_64-redhat-linux/4.8.5/:/usr/lib/gcc/x86_64-redhat-linux/]
  ignore line: [LIBRARY_PATH=/usr/lib/gcc/x86_64-redhat-linux/4.8.5/:/usr/lib/gcc/x86_64-redhat-linux/4.8.5/../../../../lib64/:/lib/../lib64/:/usr/lib/../lib64/:/usr/lib/gcc/x86_64-redhat-linux/4.8.5/../../../:/lib/:/usr/lib/]
  ignore line: [COLLECT_GCC_OPTIONS='-v' '-rdynamic' '-o' 'cmTC_ff4a4' '-mtune=generic' '-march=x86-64']
  link line: [ /usr/libexec/gcc/x86_64-redhat-linux/4.8.5/collect2 --build-id --no-add-needed --eh-frame-hdr --hash-style=gnu -m elf_x86_64 -export-dynamic -dynamic-linker /lib64/ld-linux-x86-64.so.2 -o cmTC_ff4a4 /usr/lib/gcc/x86_64-redhat-linux/4.8.5/../../../../lib64/crt1.o /usr/lib/gcc/x86_64-redhat-linux/4.8.5/../../../../lib64/crti.o /usr/lib/gcc/x86_64-redhat-linux/4.8.5/crtbegin.o -L/usr/lib/gcc/x86_64-redhat-linux/4.8.5 -L/usr/lib/gcc/x86_64-redhat-linux/4.8.5/../../../../lib64 -L/lib/../lib64 -L/usr/lib/../lib64 -L/usr/lib/gcc/x86_64-redhat-linux/4.8.5/../../.. CMakeFiles/cmTC_ff4a4.dir/CMakeCCompilerABI.c.o -lgcc --as-needed -lgcc_s --no-as-needed -lc -lgcc --as-needed -lgcc_s --no-as-needed /usr/lib/gcc/x86_64-redhat-linux/4.8.5/crtend.o /usr/lib/gcc/x86_64-redhat-linux/4.8.5/../../../../lib64/crtn.o]
    arg [/usr/libexec/gcc/x86_64-redhat-linux/4.8.5/collect2] ==> ignore
    arg [--build-id] ==> ignore
    arg [--no-add-needed] ==> ignore
    arg [--eh-frame-hdr] ==> ignore
    arg [--hash-style=gnu] ==> ignore
    arg [-m] ==> ignore
    arg [elf_x86_64] ==> ignore
    arg [-export-dynamic] ==> ignore
    arg [-dynamic-linker] ==> ignore
    arg [/lib64/ld-linux-x86-64.so.2] ==> ignore
    arg [-o] ==> ignore
    arg [cmTC_ff4a4] ==> ignore
    arg [/usr/lib/gcc/x86_64-redhat-linux/4.8.5/../../../../lib64/crt1.o] ==> ignore
    arg [/usr/lib/gcc/x86_64-redhat-linux/4.8.5/../../../../lib64/crti.o] ==> ignore
    arg [/usr/lib/gcc/x86_64-redhat-linux/4.8.5/crtbegin.o] ==> ignore
    arg [-L/usr/lib/gcc/x86_64-redhat-linux/4.8.5] ==> dir [/usr/lib/gcc/x86_64-redhat-linux/4.8.5]
    arg [-L/usr/lib/gcc/x86_64-redhat-linux/4.8.5/../../../../lib64] ==> dir [/usr/lib/gcc/x86_64-redhat-linux/4.8.5/../../../../lib64]
    arg [-L/lib/../lib64] ==> dir [/lib/../lib64]
    arg [-L/usr/lib/../lib64] ==> dir [/usr/lib/../lib64]
    arg [-L/usr/lib/gcc/x86_64-redhat-linux/4.8.5/../../..] ==> dir [/usr/lib/gcc/x86_64-redhat-linux/4.8.5/../../..]
    arg [CMakeFiles/cmTC_ff4a4.dir/CMakeCCompilerABI.c.o] ==> ignore
    arg [-lgcc] ==> lib [gcc]
    arg [--as-needed] ==> ignore
    arg [-lgcc_s] ==> lib [gcc_s]
    arg [--no-as-needed] ==> ignore
    arg [-lc] ==> lib [c]
    arg [-lgcc] ==> lib [gcc]
    arg [--as-needed] ==> ignore
    arg [-lgcc_s] ==> lib [gcc_s]
    arg [--no-as-needed] ==> ignore
    arg [/usr/lib/gcc/x86_64-redhat-linux/4.8.5/crtend.o] ==> ignore
    arg [/usr/lib/gcc/x86_64-redhat-linux/4.8.5/../../../../lib64/crtn.o] ==> ignore
  collapse library dir [/usr/lib/gcc/x86_64-redhat-linux/4.8.5] ==> [/usr/lib/gcc/x86_64-redhat-linux/4.8.5]
  collapse library dir [/usr/lib/gcc/x86_64-redhat-linux/4.8.5/../../../../lib64] ==> [/usr/lib64]
  collapse library dir [/lib/../lib64] ==> [/lib64]
  collapse library dir [/usr/lib/../lib64] ==> [/usr/lib64]
  collapse library dir [/usr/lib/gcc/x86_64-redhat-linux/4.8.5/../../..] ==> [/usr/lib]
  implicit libs: [gcc;gcc_s;c;gcc;gcc_s]
  implicit dirs: [/usr/lib/gcc/x86_64-redhat-linux/4.8.5;/usr/lib64;/lib64;/usr/lib]
  implicit fwks: []




Detecting C [-std=c11] compiler features compiled with the following output:
Change Dir: /users/banspach/oss/third_party/sundials/sundials-3.1.0-build/CMakeFiles/CMakeTmp

Run Build Command:"/bin/gmake" "cmTC_ef3b2/fast"
gmake: Warning: File `Makefile' has modification time 388 s in the future
/bin/gmake -f CMakeFiles/cmTC_ef3b2.dir/build.make CMakeFiles/cmTC_ef3b2.dir/build
gmake[1]: Entering directory `/users/banspach/oss/third_party/sundials/sundials-3.1.0-build/CMakeFiles/CMakeTmp'
gmake[1]: Warning: File `CMakeFiles/cmTC_ef3b2.dir/flags.make' has modification time 388 s in the future
Building C object CMakeFiles/cmTC_ef3b2.dir/feature_tests.c.o
/bin/cc   -std=c11 -o CMakeFiles/cmTC_ef3b2.dir/feature_tests.c.o   -c /users/banspach/oss/third_party/sundials/sundials-3.1.0-build/CMakeFiles/feature_tests.c
Linking C executable cmTC_ef3b2
/users/banspach/cmake/cmake-3.10.0-Linux-x86_64/bin/cmake -E cmake_link_script CMakeFiles/cmTC_ef3b2.dir/link.txt --verbose=1
/bin/cc      -rdynamic CMakeFiles/cmTC_ef3b2.dir/feature_tests.c.o  -o cmTC_ef3b2 
gmake[1]: warning:  Clock skew detected.  Your build may be incomplete.
gmake[1]: Leaving directory `/users/banspach/oss/third_party/sundials/sundials-3.1.0-build/CMakeFiles/CMakeTmp'
gmake: warning:  Clock skew detected.  Your build may be incomplete.


    Feature record: C_FEATURE:1c_function_prototypes
    Feature record: C_FEATURE:1c_restrict
    Feature record: C_FEATURE:1c_static_assert
    Feature record: C_FEATURE:1c_variadic_macros


Detecting C [-std=c99] compiler features compiled with the following output:
Change Dir: /users/banspach/oss/third_party/sundials/sundials-3.1.0-build/CMakeFiles/CMakeTmp

Run Build Command:"/bin/gmake" "cmTC_35de9/fast"
gmake: Warning: File `Makefile' has modification time 388 s in the future
/bin/gmake -f CMakeFiles/cmTC_35de9.dir/build.make CMakeFiles/cmTC_35de9.dir/build
gmake[1]: Entering directory `/users/banspach/oss/third_party/sundials/sundials-3.1.0-build/CMakeFiles/CMakeTmp'
gmake[1]: Warning: File `CMakeFiles/cmTC_35de9.dir/flags.make' has modification time 388 s in the future
Building C object CMakeFiles/cmTC_35de9.dir/feature_tests.c.o
/bin/cc   -std=c99 -o CMakeFiles/cmTC_35de9.dir/feature_tests.c.o   -c /users/banspach/oss/third_party/sundials/sundials-3.1.0-build/CMakeFiles/feature_tests.c
Linking C executable cmTC_35de9
/users/banspach/cmake/cmake-3.10.0-Linux-x86_64/bin/cmake -E cmake_link_script CMakeFiles/cmTC_35de9.dir/link.txt --verbose=1
/bin/cc      -rdynamic CMakeFiles/cmTC_35de9.dir/feature_tests.c.o  -o cmTC_35de9 
gmake[1]: warning:  Clock skew detected.  Your build may be incomplete.
gmake[1]: Leaving directory `/users/banspach/oss/third_party/sundials/sundials-3.1.0-build/CMakeFiles/CMakeTmp'
gmake: warning:  Clock skew detected.  Your build may be incomplete.


    Feature record: C_FEATURE:1c_function_prototypes
    Feature record: C_FEATURE:1c_restrict
    Feature record: C_FEATURE:0c_static_assert
    Feature record: C_FEATURE:1c_variadic_macros


Detecting C [-std=c90] compiler features compiled with the following output:
Change Dir: /users/banspach/oss/third_party/sundials/sundials-3.1.0-build/CMakeFiles/CMakeTmp

Run Build Command:"/bin/gmake" "cmTC_d07b2/fast"
gmake: Warning: File `Makefile' has modification time 388 s in the future
/bin/gmake -f CMakeFiles/cmTC_d07b2.dir/build.make CMakeFiles/cmTC_d07b2.dir/build
gmake[1]: Entering directory `/users/banspach/oss/third_party/sundials/sundials-3.1.0-build/CMakeFiles/CMakeTmp'
gmake[1]: Warning: File `CMakeFiles/cmTC_d07b2.dir/flags.make' has modification time 388 s in the future
Building C object CMakeFiles/cmTC_d07b2.dir/feature_tests.c.o
/bin/cc   -std=c90 -o CMakeFiles/cmTC_d07b2.dir/feature_tests.c.o   -c /users/banspach/oss/third_party/sundials/sundials-3.1.0-build/CMakeFiles/feature_tests.c
Linking C executable cmTC_d07b2
/users/banspach/cmake/cmake-3.10.0-Linux-x86_64/bin/cmake -E cmake_link_script CMakeFiles/cmTC_d07b2.dir/link.txt --verbose=1
/bin/cc      -rdynamic CMakeFiles/cmTC_d07b2.dir/feature_tests.c.o  -o cmTC_d07b2 
gmake[1]: warning:  Clock skew detected.  Your build may be incomplete.
gmake[1]: Leaving directory `/users/banspach/oss/third_party/sundials/sundials-3.1.0-build/CMakeFiles/CMakeTmp'
gmake: warning:  Clock skew detected.  Your build may be incomplete.


    Feature record: C_FEATURE:1c_function_prototypes
    Feature record: C_FEATURE:0c_restrict
    Feature record: C_FEATURE:0c_static_assert
    Feature record: C_FEATURE:0c_variadic_macros
Determining if the _POSIX_TIMERS exist passed with the following output:
Change Dir: /users/banspach/oss/third_party/sundials/sundials-3.1.0-build/CMakeFiles/CMakeTmp

Run Build Command:"/bin/gmake" "cmTC_227ca/fast"
gmake: Warning: File `Makefile' has modification time 388 s in the future
/bin/gmake -f CMakeFiles/cmTC_227ca.dir/build.make CMakeFiles/cmTC_227ca.dir/build
gmake[1]: Entering directory `/users/banspach/oss/third_party/sundials/sundials-3.1.0-build/CMakeFiles/CMakeTmp'
gmake[1]: Warning: File `CMakeFiles/cmTC_227ca.dir/flags.make' has modification time 388 s in the future
Building C object CMakeFiles/cmTC_227ca.dir/CheckSymbolExists.c.o
/bin/cc    -o CMakeFiles/cmTC_227ca.dir/CheckSymbolExists.c.o   -c /users/banspach/oss/third_party/sundials/sundials-3.1.0-build/CMakeFiles/CMakeTmp/CheckSymbolExists.c
Linking C executable cmTC_227ca
/users/banspach/cmake/cmake-3.10.0-Linux-x86_64/bin/cmake -E cmake_link_script CMakeFiles/cmTC_227ca.dir/link.txt --verbose=1
/bin/cc      -rdynamic CMakeFiles/cmTC_227ca.dir/CheckSymbolExists.c.o  -o cmTC_227ca -lrt 
gmake[1]: warning:  Clock skew detected.  Your build may be incomplete.
gmake[1]: Leaving directory `/users/banspach/oss/third_party/sundials/sundials-3.1.0-build/CMakeFiles/CMakeTmp'
gmake: warning:  Clock skew detected.  Your build may be incomplete.

File /users/banspach/oss/third_party/sundials/sundials-3.1.0-build/CMakeFiles/CMakeTmp/CheckSymbolExists.c:
/* */
#include <unistd.h>
#include <time.h>

int main(int argc, char** argv)
{
  (void)argv;
#ifndef _POSIX_TIMERS
  return ((int*)(&_POSIX_TIMERS))[argc];
#else
  (void)argc;
  return 0;
#endif
}

